2018-10-29 11:22:43.479  INFO 10988 --- [main] c.k.s.b.a.s.AdminServiceApplication      : No active profile set, falling back to default profiles: default
2018-10-29 11:22:43.506  INFO 10988 --- [main] ationConfigEmbeddedWebApplicationContext : Refreshing org.springframework.boot.context.embedded.AnnotationConfigEmbeddedWebApplicationContext@6e35bc3d: startup date [Mon Oct 29 11:22:43 CST 2018]; parent: org.springframework.context.annotation.AnnotationConfigApplicationContext@130161f7
2018-10-29 11:22:44.076  WARN 10988 --- [main] ationConfigEmbeddedWebApplicationContext : Exception encountered during context initialization - cancelling refresh attempt: org.springframework.beans.factory.BeanDefinitionStoreException: Failed to process import candidates for configuration class [com.krista.spring.boot.admin.service.AdminServiceApplication]; nested exception is java.lang.NoClassDefFoundError: org/springframework/cloud/netflix/zuul/ZuulConfiguration
2018-10-29 11:22:44.080  INFO 10988 --- [main] utoConfigurationReportLoggingInitializer : 

Error starting ApplicationContext. To display the auto-configuration report re-run your application with 'debug' enabled.
2018-10-29 11:22:44.101 ERROR 10988 --- [main] o.s.boot.SpringApplication               : Application startup failed

org.springframework.beans.factory.BeanDefinitionStoreException: Failed to process import candidates for configuration class [com.krista.spring.boot.admin.service.AdminServiceApplication]; nested exception is java.lang.NoClassDefFoundError: org/springframework/cloud/netflix/zuul/ZuulConfiguration
	at org.springframework.context.annotation.ConfigurationClassParser.processDeferredImportSelectors(ConfigurationClassParser.java:561) ~[spring-context-4.3.19.RELEASE.jar:4.3.19.RELEASE]
	at org.springframework.context.annotation.ConfigurationClassParser.parse(ConfigurationClassParser.java:187) ~[spring-context-4.3.19.RELEASE.jar:4.3.19.RELEASE]
	at org.springframework.context.annotation.ConfigurationClassPostProcessor.processConfigBeanDefinitions(ConfigurationClassPostProcessor.java:308) ~[spring-context-4.3.19.RELEASE.jar:4.3.19.RELEASE]
	at org.springframework.context.annotation.ConfigurationClassPostProcessor.postProcessBeanDefinitionRegistry(ConfigurationClassPostProcessor.java:228) ~[spring-context-4.3.19.RELEASE.jar:4.3.19.RELEASE]
	at org.springframework.context.support.PostProcessorRegistrationDelegate.invokeBeanDefinitionRegistryPostProcessors(PostProcessorRegistrationDelegate.java:272) ~[spring-context-4.3.19.RELEASE.jar:4.3.19.RELEASE]
	at org.springframework.context.support.PostProcessorRegistrationDelegate.invokeBeanFactoryPostProcessors(PostProcessorRegistrationDelegate.java:92) ~[spring-context-4.3.19.RELEASE.jar:4.3.19.RELEASE]
	at org.springframework.context.support.AbstractApplicationContext.invokeBeanFactoryPostProcessors(AbstractApplicationContext.java:687) ~[spring-context-4.3.19.RELEASE.jar:4.3.19.RELEASE]
	at org.springframework.context.support.AbstractApplicationContext.refresh(AbstractApplicationContext.java:525) ~[spring-context-4.3.19.RELEASE.jar:4.3.19.RELEASE]
	at org.springframework.boot.context.embedded.EmbeddedWebApplicationContext.refresh(EmbeddedWebApplicationContext.java:122) ~[spring-boot-1.5.16.RELEASE.jar:1.5.16.RELEASE]
	at org.springframework.boot.SpringApplication.refresh(SpringApplication.java:693) [spring-boot-1.5.16.RELEASE.jar:1.5.16.RELEASE]
	at org.springframework.boot.SpringApplication.refreshContext(SpringApplication.java:360) [spring-boot-1.5.16.RELEASE.jar:1.5.16.RELEASE]
	at org.springframework.boot.SpringApplication.run(SpringApplication.java:303) [spring-boot-1.5.16.RELEASE.jar:1.5.16.RELEASE]
	at org.springframework.boot.SpringApplication.run(SpringApplication.java:1118) [spring-boot-1.5.16.RELEASE.jar:1.5.16.RELEASE]
	at org.springframework.boot.SpringApplication.run(SpringApplication.java:1107) [spring-boot-1.5.16.RELEASE.jar:1.5.16.RELEASE]
	at com.krista.spring.boot.admin.service.AdminServiceApplication.main(AdminServiceApplication.java:19) [classes/:na]
Caused by: java.lang.NoClassDefFoundError: org/springframework/cloud/netflix/zuul/ZuulConfiguration
	at java.lang.ClassLoader.defineClass1(Native Method) ~[na:1.8.0_121]
	at java.lang.ClassLoader.defineClass(ClassLoader.java:763) ~[na:1.8.0_121]
	at java.security.SecureClassLoader.defineClass(SecureClassLoader.java:142) ~[na:1.8.0_121]
	at java.net.URLClassLoader.defineClass(URLClassLoader.java:467) ~[na:1.8.0_121]
	at java.net.URLClassLoader.access$100(URLClassLoader.java:73) ~[na:1.8.0_121]
	at java.net.URLClassLoader$1.run(URLClassLoader.java:368) ~[na:1.8.0_121]
	at java.net.URLClassLoader$1.run(URLClassLoader.java:362) ~[na:1.8.0_121]
	at java.security.AccessController.doPrivileged(Native Method) ~[na:1.8.0_121]
	at java.net.URLClassLoader.findClass(URLClassLoader.java:361) ~[na:1.8.0_121]
	at java.lang.ClassLoader.loadClass(ClassLoader.java:424) ~[na:1.8.0_121]
	at sun.misc.Launcher$AppClassLoader.loadClass(Launcher.java:331) ~[na:1.8.0_121]
	at java.lang.ClassLoader.loadClass(ClassLoader.java:357) ~[na:1.8.0_121]
	at de.codecentric.boot.admin.config.AdminServerImportSelector.selectImports(AdminServerImportSelector.java:31) ~[spring-boot-admin-server-1.5.1.jar:1.5.1]
	at org.springframework.context.annotation.ConfigurationClassParser.processDeferredImportSelectors(ConfigurationClassParser.java:552) ~[spring-context-4.3.19.RELEASE.jar:4.3.19.RELEASE]
	... 14 common frames omitted
Caused by: java.lang.ClassNotFoundException: org.springframework.cloud.netflix.zuul.ZuulConfiguration
	at java.net.URLClassLoader.findClass(URLClassLoader.java:381) ~[na:1.8.0_121]
	at java.lang.ClassLoader.loadClass(ClassLoader.java:424) ~[na:1.8.0_121]
	at sun.misc.Launcher$AppClassLoader.loadClass(Launcher.java:331) ~[na:1.8.0_121]
	at java.lang.ClassLoader.loadClass(ClassLoader.java:357) ~[na:1.8.0_121]
	... 28 common frames omitted

2018-10-29 11:27:32.000  INFO 5588 --- [main] c.k.s.b.a.s.AdminServiceApplication      : No active profile set, falling back to default profiles: default
2018-10-29 11:27:32.016  INFO 5588 --- [main] ationConfigEmbeddedWebApplicationContext : Refreshing org.springframework.boot.context.embedded.AnnotationConfigEmbeddedWebApplicationContext@55dfebeb: startup date [Mon Oct 29 11:27:32 CST 2018]; parent: org.springframework.context.annotation.AnnotationConfigApplicationContext@2c767a52
2018-10-29 11:27:32.340  WARN 5588 --- [main] ationConfigEmbeddedWebApplicationContext : Exception encountered during context initialization - cancelling refresh attempt: org.springframework.beans.factory.BeanDefinitionStoreException: Failed to process import candidates for configuration class [com.krista.spring.boot.admin.service.AdminServiceApplication]; nested exception is java.lang.NoClassDefFoundError: org/springframework/cloud/netflix/zuul/ZuulConfiguration
2018-10-29 11:27:32.346  INFO 5588 --- [main] utoConfigurationReportLoggingInitializer : 

Error starting ApplicationContext. To display the auto-configuration report re-run your application with 'debug' enabled.
2018-10-29 11:27:32.352 ERROR 5588 --- [main] o.s.boot.SpringApplication               : Application startup failed

org.springframework.beans.factory.BeanDefinitionStoreException: Failed to process import candidates for configuration class [com.krista.spring.boot.admin.service.AdminServiceApplication]; nested exception is java.lang.NoClassDefFoundError: org/springframework/cloud/netflix/zuul/ZuulConfiguration
	at org.springframework.context.annotation.ConfigurationClassParser.processDeferredImportSelectors(ConfigurationClassParser.java:561) ~[spring-context-4.3.19.RELEASE.jar:4.3.19.RELEASE]
	at org.springframework.context.annotation.ConfigurationClassParser.parse(ConfigurationClassParser.java:187) ~[spring-context-4.3.19.RELEASE.jar:4.3.19.RELEASE]
	at org.springframework.context.annotation.ConfigurationClassPostProcessor.processConfigBeanDefinitions(ConfigurationClassPostProcessor.java:308) ~[spring-context-4.3.19.RELEASE.jar:4.3.19.RELEASE]
	at org.springframework.context.annotation.ConfigurationClassPostProcessor.postProcessBeanDefinitionRegistry(ConfigurationClassPostProcessor.java:228) ~[spring-context-4.3.19.RELEASE.jar:4.3.19.RELEASE]
	at org.springframework.context.support.PostProcessorRegistrationDelegate.invokeBeanDefinitionRegistryPostProcessors(PostProcessorRegistrationDelegate.java:272) ~[spring-context-4.3.19.RELEASE.jar:4.3.19.RELEASE]
	at org.springframework.context.support.PostProcessorRegistrationDelegate.invokeBeanFactoryPostProcessors(PostProcessorRegistrationDelegate.java:92) ~[spring-context-4.3.19.RELEASE.jar:4.3.19.RELEASE]
	at org.springframework.context.support.AbstractApplicationContext.invokeBeanFactoryPostProcessors(AbstractApplicationContext.java:687) ~[spring-context-4.3.19.RELEASE.jar:4.3.19.RELEASE]
	at org.springframework.context.support.AbstractApplicationContext.refresh(AbstractApplicationContext.java:525) ~[spring-context-4.3.19.RELEASE.jar:4.3.19.RELEASE]
	at org.springframework.boot.context.embedded.EmbeddedWebApplicationContext.refresh(EmbeddedWebApplicationContext.java:122) ~[spring-boot-1.5.16.RELEASE.jar:1.5.16.RELEASE]
	at org.springframework.boot.SpringApplication.refresh(SpringApplication.java:693) [spring-boot-1.5.16.RELEASE.jar:1.5.16.RELEASE]
	at org.springframework.boot.SpringApplication.refreshContext(SpringApplication.java:360) [spring-boot-1.5.16.RELEASE.jar:1.5.16.RELEASE]
	at org.springframework.boot.SpringApplication.run(SpringApplication.java:303) [spring-boot-1.5.16.RELEASE.jar:1.5.16.RELEASE]
	at org.springframework.boot.SpringApplication.run(SpringApplication.java:1118) [spring-boot-1.5.16.RELEASE.jar:1.5.16.RELEASE]
	at org.springframework.boot.SpringApplication.run(SpringApplication.java:1107) [spring-boot-1.5.16.RELEASE.jar:1.5.16.RELEASE]
	at com.krista.spring.boot.admin.service.AdminServiceApplication.main(AdminServiceApplication.java:19) [classes/:na]
Caused by: java.lang.NoClassDefFoundError: org/springframework/cloud/netflix/zuul/ZuulConfiguration
	at java.lang.ClassLoader.defineClass1(Native Method) ~[na:1.8.0_121]
	at java.lang.ClassLoader.defineClass(ClassLoader.java:763) ~[na:1.8.0_121]
	at java.security.SecureClassLoader.defineClass(SecureClassLoader.java:142) ~[na:1.8.0_121]
	at java.net.URLClassLoader.defineClass(URLClassLoader.java:467) ~[na:1.8.0_121]
	at java.net.URLClassLoader.access$100(URLClassLoader.java:73) ~[na:1.8.0_121]
	at java.net.URLClassLoader$1.run(URLClassLoader.java:368) ~[na:1.8.0_121]
	at java.net.URLClassLoader$1.run(URLClassLoader.java:362) ~[na:1.8.0_121]
	at java.security.AccessController.doPrivileged(Native Method) ~[na:1.8.0_121]
	at java.net.URLClassLoader.findClass(URLClassLoader.java:361) ~[na:1.8.0_121]
	at java.lang.ClassLoader.loadClass(ClassLoader.java:424) ~[na:1.8.0_121]
	at sun.misc.Launcher$AppClassLoader.loadClass(Launcher.java:331) ~[na:1.8.0_121]
	at java.lang.ClassLoader.loadClass(ClassLoader.java:357) ~[na:1.8.0_121]
	at de.codecentric.boot.admin.config.AdminServerImportSelector.selectImports(AdminServerImportSelector.java:31) ~[spring-boot-admin-server-1.5.1.jar:1.5.1]
	at org.springframework.context.annotation.ConfigurationClassParser.processDeferredImportSelectors(ConfigurationClassParser.java:552) ~[spring-context-4.3.19.RELEASE.jar:4.3.19.RELEASE]
	... 14 common frames omitted
Caused by: java.lang.ClassNotFoundException: org.springframework.cloud.netflix.zuul.ZuulConfiguration
	at java.net.URLClassLoader.findClass(URLClassLoader.java:381) ~[na:1.8.0_121]
	at java.lang.ClassLoader.loadClass(ClassLoader.java:424) ~[na:1.8.0_121]
	at sun.misc.Launcher$AppClassLoader.loadClass(Launcher.java:331) ~[na:1.8.0_121]
	at java.lang.ClassLoader.loadClass(ClassLoader.java:357) ~[na:1.8.0_121]
	... 28 common frames omitted

2018-10-29 11:28:26.305  INFO 18096 --- [main] c.k.s.b.a.s.AdminServiceApplication      : No active profile set, falling back to default profiles: default
2018-10-29 11:28:26.317  INFO 18096 --- [main] ationConfigEmbeddedWebApplicationContext : Refreshing org.springframework.boot.context.embedded.AnnotationConfigEmbeddedWebApplicationContext@56f0cc85: startup date [Mon Oct 29 11:28:26 CST 2018]; parent: org.springframework.context.annotation.AnnotationConfigApplicationContext@5119fb47
2018-10-29 11:28:26.753  WARN 18096 --- [main] ationConfigEmbeddedWebApplicationContext : Exception encountered during context initialization - cancelling refresh attempt: org.springframework.beans.factory.BeanDefinitionStoreException: Failed to process import candidates for configuration class [com.krista.spring.boot.admin.service.AdminServiceApplication]; nested exception is java.lang.NoClassDefFoundError: org/springframework/cloud/netflix/zuul/ZuulConfiguration
2018-10-29 11:28:26.758  INFO 18096 --- [main] utoConfigurationReportLoggingInitializer : 

Error starting ApplicationContext. To display the auto-configuration report re-run your application with 'debug' enabled.
2018-10-29 11:28:26.765 ERROR 18096 --- [main] o.s.boot.SpringApplication               : Application startup failed

org.springframework.beans.factory.BeanDefinitionStoreException: Failed to process import candidates for configuration class [com.krista.spring.boot.admin.service.AdminServiceApplication]; nested exception is java.lang.NoClassDefFoundError: org/springframework/cloud/netflix/zuul/ZuulConfiguration
	at org.springframework.context.annotation.ConfigurationClassParser.processDeferredImportSelectors(ConfigurationClassParser.java:561) ~[spring-context-4.3.19.RELEASE.jar:4.3.19.RELEASE]
	at org.springframework.context.annotation.ConfigurationClassParser.parse(ConfigurationClassParser.java:187) ~[spring-context-4.3.19.RELEASE.jar:4.3.19.RELEASE]
	at org.springframework.context.annotation.ConfigurationClassPostProcessor.processConfigBeanDefinitions(ConfigurationClassPostProcessor.java:308) ~[spring-context-4.3.19.RELEASE.jar:4.3.19.RELEASE]
	at org.springframework.context.annotation.ConfigurationClassPostProcessor.postProcessBeanDefinitionRegistry(ConfigurationClassPostProcessor.java:228) ~[spring-context-4.3.19.RELEASE.jar:4.3.19.RELEASE]
	at org.springframework.context.support.PostProcessorRegistrationDelegate.invokeBeanDefinitionRegistryPostProcessors(PostProcessorRegistrationDelegate.java:272) ~[spring-context-4.3.19.RELEASE.jar:4.3.19.RELEASE]
	at org.springframework.context.support.PostProcessorRegistrationDelegate.invokeBeanFactoryPostProcessors(PostProcessorRegistrationDelegate.java:92) ~[spring-context-4.3.19.RELEASE.jar:4.3.19.RELEASE]
	at org.springframework.context.support.AbstractApplicationContext.invokeBeanFactoryPostProcessors(AbstractApplicationContext.java:687) ~[spring-context-4.3.19.RELEASE.jar:4.3.19.RELEASE]
	at org.springframework.context.support.AbstractApplicationContext.refresh(AbstractApplicationContext.java:525) ~[spring-context-4.3.19.RELEASE.jar:4.3.19.RELEASE]
	at org.springframework.boot.context.embedded.EmbeddedWebApplicationContext.refresh(EmbeddedWebApplicationContext.java:122) ~[spring-boot-1.5.16.RELEASE.jar:1.5.16.RELEASE]
	at org.springframework.boot.SpringApplication.refresh(SpringApplication.java:693) [spring-boot-1.5.16.RELEASE.jar:1.5.16.RELEASE]
	at org.springframework.boot.SpringApplication.refreshContext(SpringApplication.java:360) [spring-boot-1.5.16.RELEASE.jar:1.5.16.RELEASE]
	at org.springframework.boot.SpringApplication.run(SpringApplication.java:303) [spring-boot-1.5.16.RELEASE.jar:1.5.16.RELEASE]
	at org.springframework.boot.SpringApplication.run(SpringApplication.java:1118) [spring-boot-1.5.16.RELEASE.jar:1.5.16.RELEASE]
	at org.springframework.boot.SpringApplication.run(SpringApplication.java:1107) [spring-boot-1.5.16.RELEASE.jar:1.5.16.RELEASE]
	at com.krista.spring.boot.admin.service.AdminServiceApplication.main(AdminServiceApplication.java:19) [classes/:na]
Caused by: java.lang.NoClassDefFoundError: org/springframework/cloud/netflix/zuul/ZuulConfiguration
	at java.lang.ClassLoader.defineClass1(Native Method) ~[na:1.8.0_121]
	at java.lang.ClassLoader.defineClass(ClassLoader.java:763) ~[na:1.8.0_121]
	at java.security.SecureClassLoader.defineClass(SecureClassLoader.java:142) ~[na:1.8.0_121]
	at java.net.URLClassLoader.defineClass(URLClassLoader.java:467) ~[na:1.8.0_121]
	at java.net.URLClassLoader.access$100(URLClassLoader.java:73) ~[na:1.8.0_121]
	at java.net.URLClassLoader$1.run(URLClassLoader.java:368) ~[na:1.8.0_121]
	at java.net.URLClassLoader$1.run(URLClassLoader.java:362) ~[na:1.8.0_121]
	at java.security.AccessController.doPrivileged(Native Method) ~[na:1.8.0_121]
	at java.net.URLClassLoader.findClass(URLClassLoader.java:361) ~[na:1.8.0_121]
	at java.lang.ClassLoader.loadClass(ClassLoader.java:424) ~[na:1.8.0_121]
	at sun.misc.Launcher$AppClassLoader.loadClass(Launcher.java:331) ~[na:1.8.0_121]
	at java.lang.ClassLoader.loadClass(ClassLoader.java:357) ~[na:1.8.0_121]
	at de.codecentric.boot.admin.config.AdminServerImportSelector.selectImports(AdminServerImportSelector.java:31) ~[spring-boot-admin-server-1.5.1.jar:1.5.1]
	at org.springframework.context.annotation.ConfigurationClassParser.processDeferredImportSelectors(ConfigurationClassParser.java:552) ~[spring-context-4.3.19.RELEASE.jar:4.3.19.RELEASE]
	... 14 common frames omitted
Caused by: java.lang.ClassNotFoundException: org.springframework.cloud.netflix.zuul.ZuulConfiguration
	at java.net.URLClassLoader.findClass(URLClassLoader.java:381) ~[na:1.8.0_121]
	at java.lang.ClassLoader.loadClass(ClassLoader.java:424) ~[na:1.8.0_121]
	at sun.misc.Launcher$AppClassLoader.loadClass(Launcher.java:331) ~[na:1.8.0_121]
	at java.lang.ClassLoader.loadClass(ClassLoader.java:357) ~[na:1.8.0_121]
	... 28 common frames omitted

2018-10-29 11:31:47.764  INFO 6944 --- [main] c.k.s.b.a.s.AdminServiceApplication      : No active profile set, falling back to default profiles: default
2018-10-29 11:31:47.777  INFO 6944 --- [main] ationConfigEmbeddedWebApplicationContext : Refreshing org.springframework.boot.context.embedded.AnnotationConfigEmbeddedWebApplicationContext@5ef6ae06: startup date [Mon Oct 29 11:31:47 CST 2018]; parent: org.springframework.context.annotation.AnnotationConfigApplicationContext@35ef1869
2018-10-29 11:31:48.096  WARN 6944 --- [main] ationConfigEmbeddedWebApplicationContext : Exception encountered during context initialization - cancelling refresh attempt: org.springframework.beans.factory.BeanDefinitionStoreException: Failed to process import candidates for configuration class [com.krista.spring.boot.admin.service.AdminServiceApplication]; nested exception is java.lang.NoClassDefFoundError: org/springframework/cloud/netflix/zuul/ZuulConfiguration
2018-10-29 11:31:48.101  INFO 6944 --- [main] utoConfigurationReportLoggingInitializer : 

Error starting ApplicationContext. To display the auto-configuration report re-run your application with 'debug' enabled.
2018-10-29 11:31:48.111 ERROR 6944 --- [main] o.s.boot.SpringApplication               : Application startup failed

org.springframework.beans.factory.BeanDefinitionStoreException: Failed to process import candidates for configuration class [com.krista.spring.boot.admin.service.AdminServiceApplication]; nested exception is java.lang.NoClassDefFoundError: org/springframework/cloud/netflix/zuul/ZuulConfiguration
	at org.springframework.context.annotation.ConfigurationClassParser.processDeferredImportSelectors(ConfigurationClassParser.java:561) ~[spring-context-4.3.19.RELEASE.jar:4.3.19.RELEASE]
	at org.springframework.context.annotation.ConfigurationClassParser.parse(ConfigurationClassParser.java:187) ~[spring-context-4.3.19.RELEASE.jar:4.3.19.RELEASE]
	at org.springframework.context.annotation.ConfigurationClassPostProcessor.processConfigBeanDefinitions(ConfigurationClassPostProcessor.java:308) ~[spring-context-4.3.19.RELEASE.jar:4.3.19.RELEASE]
	at org.springframework.context.annotation.ConfigurationClassPostProcessor.postProcessBeanDefinitionRegistry(ConfigurationClassPostProcessor.java:228) ~[spring-context-4.3.19.RELEASE.jar:4.3.19.RELEASE]
	at org.springframework.context.support.PostProcessorRegistrationDelegate.invokeBeanDefinitionRegistryPostProcessors(PostProcessorRegistrationDelegate.java:272) ~[spring-context-4.3.19.RELEASE.jar:4.3.19.RELEASE]
	at org.springframework.context.support.PostProcessorRegistrationDelegate.invokeBeanFactoryPostProcessors(PostProcessorRegistrationDelegate.java:92) ~[spring-context-4.3.19.RELEASE.jar:4.3.19.RELEASE]
	at org.springframework.context.support.AbstractApplicationContext.invokeBeanFactoryPostProcessors(AbstractApplicationContext.java:687) ~[spring-context-4.3.19.RELEASE.jar:4.3.19.RELEASE]
	at org.springframework.context.support.AbstractApplicationContext.refresh(AbstractApplicationContext.java:525) ~[spring-context-4.3.19.RELEASE.jar:4.3.19.RELEASE]
	at org.springframework.boot.context.embedded.EmbeddedWebApplicationContext.refresh(EmbeddedWebApplicationContext.java:122) ~[spring-boot-1.5.16.RELEASE.jar:1.5.16.RELEASE]
	at org.springframework.boot.SpringApplication.refresh(SpringApplication.java:693) [spring-boot-1.5.16.RELEASE.jar:1.5.16.RELEASE]
	at org.springframework.boot.SpringApplication.refreshContext(SpringApplication.java:360) [spring-boot-1.5.16.RELEASE.jar:1.5.16.RELEASE]
	at org.springframework.boot.SpringApplication.run(SpringApplication.java:303) [spring-boot-1.5.16.RELEASE.jar:1.5.16.RELEASE]
	at org.springframework.boot.SpringApplication.run(SpringApplication.java:1118) [spring-boot-1.5.16.RELEASE.jar:1.5.16.RELEASE]
	at org.springframework.boot.SpringApplication.run(SpringApplication.java:1107) [spring-boot-1.5.16.RELEASE.jar:1.5.16.RELEASE]
	at com.krista.spring.boot.admin.service.AdminServiceApplication.main(AdminServiceApplication.java:19) [classes/:na]
Caused by: java.lang.NoClassDefFoundError: org/springframework/cloud/netflix/zuul/ZuulConfiguration
	at java.lang.ClassLoader.defineClass1(Native Method) ~[na:1.8.0_121]
	at java.lang.ClassLoader.defineClass(ClassLoader.java:763) ~[na:1.8.0_121]
	at java.security.SecureClassLoader.defineClass(SecureClassLoader.java:142) ~[na:1.8.0_121]
	at java.net.URLClassLoader.defineClass(URLClassLoader.java:467) ~[na:1.8.0_121]
	at java.net.URLClassLoader.access$100(URLClassLoader.java:73) ~[na:1.8.0_121]
	at java.net.URLClassLoader$1.run(URLClassLoader.java:368) ~[na:1.8.0_121]
	at java.net.URLClassLoader$1.run(URLClassLoader.java:362) ~[na:1.8.0_121]
	at java.security.AccessController.doPrivileged(Native Method) ~[na:1.8.0_121]
	at java.net.URLClassLoader.findClass(URLClassLoader.java:361) ~[na:1.8.0_121]
	at java.lang.ClassLoader.loadClass(ClassLoader.java:424) ~[na:1.8.0_121]
	at sun.misc.Launcher$AppClassLoader.loadClass(Launcher.java:331) ~[na:1.8.0_121]
	at java.lang.ClassLoader.loadClass(ClassLoader.java:357) ~[na:1.8.0_121]
	at de.codecentric.boot.admin.config.AdminServerImportSelector.selectImports(AdminServerImportSelector.java:31) ~[spring-boot-admin-server-1.5.1.jar:1.5.1]
	at org.springframework.context.annotation.ConfigurationClassParser.processDeferredImportSelectors(ConfigurationClassParser.java:552) ~[spring-context-4.3.19.RELEASE.jar:4.3.19.RELEASE]
	... 14 common frames omitted
Caused by: java.lang.ClassNotFoundException: org.springframework.cloud.netflix.zuul.ZuulConfiguration
	at java.net.URLClassLoader.findClass(URLClassLoader.java:381) ~[na:1.8.0_121]
	at java.lang.ClassLoader.loadClass(ClassLoader.java:424) ~[na:1.8.0_121]
	at sun.misc.Launcher$AppClassLoader.loadClass(Launcher.java:331) ~[na:1.8.0_121]
	at java.lang.ClassLoader.loadClass(ClassLoader.java:357) ~[na:1.8.0_121]
	... 28 common frames omitted

2018-10-29 11:36:36.292  INFO 3612 --- [main] c.k.s.b.a.s.AdminServiceApplication      : No active profile set, falling back to default profiles: default
2018-10-29 11:36:36.322  INFO 3612 --- [main] ationConfigEmbeddedWebApplicationContext : Refreshing org.springframework.boot.context.embedded.AnnotationConfigEmbeddedWebApplicationContext@5ef6ae06: startup date [Mon Oct 29 11:36:36 CST 2018]; parent: org.springframework.context.annotation.AnnotationConfigApplicationContext@35ef1869
2018-10-29 11:36:36.727  WARN 3612 --- [main] ationConfigEmbeddedWebApplicationContext : Exception encountered during context initialization - cancelling refresh attempt: org.springframework.beans.factory.BeanDefinitionStoreException: Failed to process import candidates for configuration class [com.krista.spring.boot.admin.service.AdminServiceApplication]; nested exception is java.io.FileNotFoundException: class path resource [org/springframework/cloud/commons/httpclient/HttpClientConfiguration.class] cannot be opened because it does not exist
2018-10-29 11:36:36.732  INFO 3612 --- [main] utoConfigurationReportLoggingInitializer : 

Error starting ApplicationContext. To display the auto-configuration report re-run your application with 'debug' enabled.
2018-10-29 11:36:36.742 ERROR 3612 --- [main] o.s.boot.SpringApplication               : Application startup failed

org.springframework.beans.factory.BeanDefinitionStoreException: Failed to process import candidates for configuration class [com.krista.spring.boot.admin.service.AdminServiceApplication]; nested exception is java.io.FileNotFoundException: class path resource [org/springframework/cloud/commons/httpclient/HttpClientConfiguration.class] cannot be opened because it does not exist
	at org.springframework.context.annotation.ConfigurationClassParser.processImports(ConfigurationClassParser.java:621) ~[spring-context-4.3.19.RELEASE.jar:4.3.19.RELEASE]
	at org.springframework.context.annotation.ConfigurationClassParser.processDeferredImportSelectors(ConfigurationClassParser.java:553) ~[spring-context-4.3.19.RELEASE.jar:4.3.19.RELEASE]
	at org.springframework.context.annotation.ConfigurationClassParser.parse(ConfigurationClassParser.java:187) ~[spring-context-4.3.19.RELEASE.jar:4.3.19.RELEASE]
	at org.springframework.context.annotation.ConfigurationClassPostProcessor.processConfigBeanDefinitions(ConfigurationClassPostProcessor.java:308) ~[spring-context-4.3.19.RELEASE.jar:4.3.19.RELEASE]
	at org.springframework.context.annotation.ConfigurationClassPostProcessor.postProcessBeanDefinitionRegistry(ConfigurationClassPostProcessor.java:228) ~[spring-context-4.3.19.RELEASE.jar:4.3.19.RELEASE]
	at org.springframework.context.support.PostProcessorRegistrationDelegate.invokeBeanDefinitionRegistryPostProcessors(PostProcessorRegistrationDelegate.java:272) ~[spring-context-4.3.19.RELEASE.jar:4.3.19.RELEASE]
	at org.springframework.context.support.PostProcessorRegistrationDelegate.invokeBeanFactoryPostProcessors(PostProcessorRegistrationDelegate.java:92) ~[spring-context-4.3.19.RELEASE.jar:4.3.19.RELEASE]
	at org.springframework.context.support.AbstractApplicationContext.invokeBeanFactoryPostProcessors(AbstractApplicationContext.java:687) ~[spring-context-4.3.19.RELEASE.jar:4.3.19.RELEASE]
	at org.springframework.context.support.AbstractApplicationContext.refresh(AbstractApplicationContext.java:525) ~[spring-context-4.3.19.RELEASE.jar:4.3.19.RELEASE]
	at org.springframework.boot.context.embedded.EmbeddedWebApplicationContext.refresh(EmbeddedWebApplicationContext.java:122) ~[spring-boot-1.5.16.RELEASE.jar:1.5.16.RELEASE]
	at org.springframework.boot.SpringApplication.refresh(SpringApplication.java:693) [spring-boot-1.5.16.RELEASE.jar:1.5.16.RELEASE]
	at org.springframework.boot.SpringApplication.refreshContext(SpringApplication.java:360) [spring-boot-1.5.16.RELEASE.jar:1.5.16.RELEASE]
	at org.springframework.boot.SpringApplication.run(SpringApplication.java:303) [spring-boot-1.5.16.RELEASE.jar:1.5.16.RELEASE]
	at org.springframework.boot.SpringApplication.run(SpringApplication.java:1118) [spring-boot-1.5.16.RELEASE.jar:1.5.16.RELEASE]
	at org.springframework.boot.SpringApplication.run(SpringApplication.java:1107) [spring-boot-1.5.16.RELEASE.jar:1.5.16.RELEASE]
	at com.krista.spring.boot.admin.service.AdminServiceApplication.main(AdminServiceApplication.java:19) [classes/:na]
Caused by: java.io.FileNotFoundException: class path resource [org/springframework/cloud/commons/httpclient/HttpClientConfiguration.class] cannot be opened because it does not exist
	at org.springframework.core.io.ClassPathResource.getInputStream(ClassPathResource.java:172) ~[spring-core-4.3.19.RELEASE.jar:4.3.19.RELEASE]
	at org.springframework.core.type.classreading.SimpleMetadataReader.<init>(SimpleMetadataReader.java:50) ~[spring-core-4.3.19.RELEASE.jar:4.3.19.RELEASE]
	at org.springframework.core.type.classreading.SimpleMetadataReaderFactory.getMetadataReader(SimpleMetadataReaderFactory.java:102) ~[spring-core-4.3.19.RELEASE.jar:4.3.19.RELEASE]
	at org.springframework.boot.type.classreading.ConcurrentReferenceCachingMetadataReaderFactory.createMetadataReader(ConcurrentReferenceCachingMetadataReaderFactory.java:89) ~[spring-boot-1.5.16.RELEASE.jar:1.5.16.RELEASE]
	at org.springframework.boot.type.classreading.ConcurrentReferenceCachingMetadataReaderFactory.getMetadataReader(ConcurrentReferenceCachingMetadataReaderFactory.java:76) ~[spring-boot-1.5.16.RELEASE.jar:1.5.16.RELEASE]
	at org.springframework.core.type.classreading.SimpleMetadataReaderFactory.getMetadataReader(SimpleMetadataReaderFactory.java:80) ~[spring-core-4.3.19.RELEASE.jar:4.3.19.RELEASE]
	at org.springframework.context.annotation.ConfigurationClassParser.asSourceClass(ConfigurationClassParser.java:701) ~[spring-context-4.3.19.RELEASE.jar:4.3.19.RELEASE]
	at org.springframework.context.annotation.ConfigurationClassParser$SourceClass.getRelated(ConfigurationClassParser.java:926) ~[spring-context-4.3.19.RELEASE.jar:4.3.19.RELEASE]
	at org.springframework.context.annotation.ConfigurationClassParser$SourceClass.getAnnotationAttributes(ConfigurationClassParser.java:907) ~[spring-context-4.3.19.RELEASE.jar:4.3.19.RELEASE]
	at org.springframework.context.annotation.ConfigurationClassParser.collectImports(ConfigurationClassParser.java:540) ~[spring-context-4.3.19.RELEASE.jar:4.3.19.RELEASE]
	at org.springframework.context.annotation.ConfigurationClassParser.getImports(ConfigurationClassParser.java:513) ~[spring-context-4.3.19.RELEASE.jar:4.3.19.RELEASE]
	at org.springframework.context.annotation.ConfigurationClassParser.doProcessConfigurationClass(ConfigurationClassParser.java:304) ~[spring-context-4.3.19.RELEASE.jar:4.3.19.RELEASE]
	at org.springframework.context.annotation.ConfigurationClassParser.processConfigurationClass(ConfigurationClassParser.java:247) ~[spring-context-4.3.19.RELEASE.jar:4.3.19.RELEASE]
	at org.springframework.context.annotation.ConfigurationClassParser.processImports(ConfigurationClassParser.java:611) ~[spring-context-4.3.19.RELEASE.jar:4.3.19.RELEASE]
	... 15 common frames omitted

2018-10-29 11:37:29.911  INFO 19140 --- [main] c.k.s.b.a.s.AdminServiceApplication      : No active profile set, falling back to default profiles: default
2018-10-29 11:37:29.924  INFO 19140 --- [main] ationConfigEmbeddedWebApplicationContext : Refreshing org.springframework.boot.context.embedded.AnnotationConfigEmbeddedWebApplicationContext@ff684e1: startup date [Mon Oct 29 11:37:29 CST 2018]; parent: org.springframework.context.annotation.AnnotationConfigApplicationContext@35ef1869
2018-10-29 11:37:30.351  WARN 19140 --- [main] ationConfigEmbeddedWebApplicationContext : Exception encountered during context initialization - cancelling refresh attempt: org.springframework.beans.factory.BeanDefinitionStoreException: Failed to process import candidates for configuration class [com.krista.spring.boot.admin.service.AdminServiceApplication]; nested exception is java.io.FileNotFoundException: class path resource [org/springframework/cloud/commons/httpclient/HttpClientConfiguration.class] cannot be opened because it does not exist
2018-10-29 11:37:30.356  INFO 19140 --- [main] utoConfigurationReportLoggingInitializer : 

Error starting ApplicationContext. To display the auto-configuration report re-run your application with 'debug' enabled.
2018-10-29 11:37:30.365 ERROR 19140 --- [main] o.s.boot.SpringApplication               : Application startup failed

org.springframework.beans.factory.BeanDefinitionStoreException: Failed to process import candidates for configuration class [com.krista.spring.boot.admin.service.AdminServiceApplication]; nested exception is java.io.FileNotFoundException: class path resource [org/springframework/cloud/commons/httpclient/HttpClientConfiguration.class] cannot be opened because it does not exist
	at org.springframework.context.annotation.ConfigurationClassParser.processImports(ConfigurationClassParser.java:621) ~[spring-context-4.3.19.RELEASE.jar:4.3.19.RELEASE]
	at org.springframework.context.annotation.ConfigurationClassParser.processDeferredImportSelectors(ConfigurationClassParser.java:553) ~[spring-context-4.3.19.RELEASE.jar:4.3.19.RELEASE]
	at org.springframework.context.annotation.ConfigurationClassParser.parse(ConfigurationClassParser.java:187) ~[spring-context-4.3.19.RELEASE.jar:4.3.19.RELEASE]
	at org.springframework.context.annotation.ConfigurationClassPostProcessor.processConfigBeanDefinitions(ConfigurationClassPostProcessor.java:308) ~[spring-context-4.3.19.RELEASE.jar:4.3.19.RELEASE]
	at org.springframework.context.annotation.ConfigurationClassPostProcessor.postProcessBeanDefinitionRegistry(ConfigurationClassPostProcessor.java:228) ~[spring-context-4.3.19.RELEASE.jar:4.3.19.RELEASE]
	at org.springframework.context.support.PostProcessorRegistrationDelegate.invokeBeanDefinitionRegistryPostProcessors(PostProcessorRegistrationDelegate.java:272) ~[spring-context-4.3.19.RELEASE.jar:4.3.19.RELEASE]
	at org.springframework.context.support.PostProcessorRegistrationDelegate.invokeBeanFactoryPostProcessors(PostProcessorRegistrationDelegate.java:92) ~[spring-context-4.3.19.RELEASE.jar:4.3.19.RELEASE]
	at org.springframework.context.support.AbstractApplicationContext.invokeBeanFactoryPostProcessors(AbstractApplicationContext.java:687) ~[spring-context-4.3.19.RELEASE.jar:4.3.19.RELEASE]
	at org.springframework.context.support.AbstractApplicationContext.refresh(AbstractApplicationContext.java:525) ~[spring-context-4.3.19.RELEASE.jar:4.3.19.RELEASE]
	at org.springframework.boot.context.embedded.EmbeddedWebApplicationContext.refresh(EmbeddedWebApplicationContext.java:122) ~[spring-boot-1.5.16.RELEASE.jar:1.5.16.RELEASE]
	at org.springframework.boot.SpringApplication.refresh(SpringApplication.java:693) [spring-boot-1.5.16.RELEASE.jar:1.5.16.RELEASE]
	at org.springframework.boot.SpringApplication.refreshContext(SpringApplication.java:360) [spring-boot-1.5.16.RELEASE.jar:1.5.16.RELEASE]
	at org.springframework.boot.SpringApplication.run(SpringApplication.java:303) [spring-boot-1.5.16.RELEASE.jar:1.5.16.RELEASE]
	at org.springframework.boot.SpringApplication.run(SpringApplication.java:1118) [spring-boot-1.5.16.RELEASE.jar:1.5.16.RELEASE]
	at org.springframework.boot.SpringApplication.run(SpringApplication.java:1107) [spring-boot-1.5.16.RELEASE.jar:1.5.16.RELEASE]
	at com.krista.spring.boot.admin.service.AdminServiceApplication.main(AdminServiceApplication.java:19) [classes/:na]
Caused by: java.io.FileNotFoundException: class path resource [org/springframework/cloud/commons/httpclient/HttpClientConfiguration.class] cannot be opened because it does not exist
	at org.springframework.core.io.ClassPathResource.getInputStream(ClassPathResource.java:172) ~[spring-core-4.3.19.RELEASE.jar:4.3.19.RELEASE]
	at org.springframework.core.type.classreading.SimpleMetadataReader.<init>(SimpleMetadataReader.java:50) ~[spring-core-4.3.19.RELEASE.jar:4.3.19.RELEASE]
	at org.springframework.core.type.classreading.SimpleMetadataReaderFactory.getMetadataReader(SimpleMetadataReaderFactory.java:102) ~[spring-core-4.3.19.RELEASE.jar:4.3.19.RELEASE]
	at org.springframework.boot.type.classreading.ConcurrentReferenceCachingMetadataReaderFactory.createMetadataReader(ConcurrentReferenceCachingMetadataReaderFactory.java:89) ~[spring-boot-1.5.16.RELEASE.jar:1.5.16.RELEASE]
	at org.springframework.boot.type.classreading.ConcurrentReferenceCachingMetadataReaderFactory.getMetadataReader(ConcurrentReferenceCachingMetadataReaderFactory.java:76) ~[spring-boot-1.5.16.RELEASE.jar:1.5.16.RELEASE]
	at org.springframework.core.type.classreading.SimpleMetadataReaderFactory.getMetadataReader(SimpleMetadataReaderFactory.java:80) ~[spring-core-4.3.19.RELEASE.jar:4.3.19.RELEASE]
	at org.springframework.context.annotation.ConfigurationClassParser.asSourceClass(ConfigurationClassParser.java:701) ~[spring-context-4.3.19.RELEASE.jar:4.3.19.RELEASE]
	at org.springframework.context.annotation.ConfigurationClassParser$SourceClass.getRelated(ConfigurationClassParser.java:926) ~[spring-context-4.3.19.RELEASE.jar:4.3.19.RELEASE]
	at org.springframework.context.annotation.ConfigurationClassParser$SourceClass.getAnnotationAttributes(ConfigurationClassParser.java:907) ~[spring-context-4.3.19.RELEASE.jar:4.3.19.RELEASE]
	at org.springframework.context.annotation.ConfigurationClassParser.collectImports(ConfigurationClassParser.java:540) ~[spring-context-4.3.19.RELEASE.jar:4.3.19.RELEASE]
	at org.springframework.context.annotation.ConfigurationClassParser.getImports(ConfigurationClassParser.java:513) ~[spring-context-4.3.19.RELEASE.jar:4.3.19.RELEASE]
	at org.springframework.context.annotation.ConfigurationClassParser.doProcessConfigurationClass(ConfigurationClassParser.java:304) ~[spring-context-4.3.19.RELEASE.jar:4.3.19.RELEASE]
	at org.springframework.context.annotation.ConfigurationClassParser.processConfigurationClass(ConfigurationClassParser.java:247) ~[spring-context-4.3.19.RELEASE.jar:4.3.19.RELEASE]
	at org.springframework.context.annotation.ConfigurationClassParser.processImports(ConfigurationClassParser.java:611) ~[spring-context-4.3.19.RELEASE.jar:4.3.19.RELEASE]
	... 15 common frames omitted

2018-10-29 11:41:16.496  INFO 5224 --- [main] c.k.s.b.a.s.AdminServiceApplication      : No active profile set, falling back to default profiles: default
2018-10-29 11:41:16.508  INFO 5224 --- [main] ationConfigEmbeddedWebApplicationContext : Refreshing org.springframework.boot.context.embedded.AnnotationConfigEmbeddedWebApplicationContext@73ff4fae: startup date [Mon Oct 29 11:41:16 CST 2018]; parent: org.springframework.context.annotation.AnnotationConfigApplicationContext@6572421
2018-10-29 11:41:17.224  INFO 5224 --- [main] o.s.b.f.s.DefaultListableBeanFactory     : Overriding bean definition for bean 'instancesProxyController' with a different definition: replacing [Root bean: class [null]; scope=; abstract=false; lazyInit=false; autowireMode=3; dependencyCheck=0; autowireCandidate=true; primary=false; factoryBeanName=de.codecentric.boot.admin.server.config.AdminServerWebConfiguration$ServletRestApiConfirguation; factoryMethodName=instancesProxyController; initMethodName=null; destroyMethodName=(inferred); defined in class path resource [de/codecentric/boot/admin/server/config/AdminServerWebConfiguration$ServletRestApiConfirguation.class]] with [Root bean: class [null]; scope=; abstract=false; lazyInit=false; autowireMode=3; dependencyCheck=0; autowireCandidate=true; primary=false; factoryBeanName=de.codecentric.boot.admin.server.config.AdminServerWebConfiguration$ReactiveRestApiConfiguration; factoryMethodName=instancesProxyController; initMethodName=null; destroyMethodName=(inferred); defined in class path resource [de/codecentric/boot/admin/server/config/AdminServerWebConfiguration$ReactiveRestApiConfiguration.class]]
2018-10-29 11:41:17.224  INFO 5224 --- [main] o.s.b.f.s.DefaultListableBeanFactory     : Overriding bean definition for bean 'adminHandlerMapping' with a different definition: replacing [Root bean: class [null]; scope=; abstract=false; lazyInit=false; autowireMode=3; dependencyCheck=0; autowireCandidate=true; primary=false; factoryBeanName=de.codecentric.boot.admin.server.config.AdminServerWebConfiguration$ServletRestApiConfirguation; factoryMethodName=adminHandlerMapping; initMethodName=null; destroyMethodName=(inferred); defined in class path resource [de/codecentric/boot/admin/server/config/AdminServerWebConfiguration$ServletRestApiConfirguation.class]] with [Root bean: class [null]; scope=; abstract=false; lazyInit=false; autowireMode=3; dependencyCheck=0; autowireCandidate=true; primary=false; factoryBeanName=de.codecentric.boot.admin.server.config.AdminServerWebConfiguration$ReactiveRestApiConfiguration; factoryMethodName=adminHandlerMapping; initMethodName=null; destroyMethodName=(inferred); defined in class path resource [de/codecentric/boot/admin/server/config/AdminServerWebConfiguration$ReactiveRestApiConfiguration.class]]
2018-10-29 11:41:17.330  INFO 5224 --- [main] o.s.b.f.s.DefaultListableBeanFactory     : Overriding bean definition for bean 'mbeanServer' with a different definition: replacing [Root bean: class [null]; scope=; abstract=false; lazyInit=false; autowireMode=3; dependencyCheck=0; autowireCandidate=true; primary=false; factoryBeanName=org.springframework.boot.autoconfigure.jmx.JmxAutoConfiguration; factoryMethodName=mbeanServer; initMethodName=null; destroyMethodName=(inferred); defined in class path resource [org/springframework/boot/autoconfigure/jmx/JmxAutoConfiguration.class]] with [Root bean: class [null]; scope=; abstract=false; lazyInit=false; autowireMode=3; dependencyCheck=0; autowireCandidate=true; primary=false; factoryBeanName=org.springframework.boot.actuate.autoconfigure.EndpointMBeanExportAutoConfiguration; factoryMethodName=mbeanServer; initMethodName=null; destroyMethodName=(inferred); defined in class path resource [org/springframework/boot/actuate/autoconfigure/EndpointMBeanExportAutoConfiguration.class]]
2018-10-29 11:41:17.334  INFO 5224 --- [main] o.s.b.f.s.DefaultListableBeanFactory     : Overriding bean definition for bean 'serverProperties' with a different definition: replacing [Root bean: class [null]; scope=; abstract=false; lazyInit=false; autowireMode=3; dependencyCheck=0; autowireCandidate=true; primary=false; factoryBeanName=org.springframework.boot.autoconfigure.web.ServerPropertiesAutoConfiguration; factoryMethodName=serverProperties; initMethodName=null; destroyMethodName=(inferred); defined in class path resource [org/springframework/boot/autoconfigure/web/ServerPropertiesAutoConfiguration.class]] with [Root bean: class [null]; scope=; abstract=false; lazyInit=false; autowireMode=3; dependencyCheck=0; autowireCandidate=true; primary=false; factoryBeanName=org.springframework.boot.actuate.autoconfigure.ManagementServerPropertiesAutoConfiguration; factoryMethodName=serverProperties; initMethodName=null; destroyMethodName=(inferred); defined in class path resource [org/springframework/boot/actuate/autoconfigure/ManagementServerPropertiesAutoConfiguration.class]]
2018-10-29 11:41:17.364 ERROR 5224 --- [main] o.s.boot.SpringApplication               : Application startup failed

java.lang.IllegalStateException: Could not evaluate condition on org.springframework.boot.actuate.autoconfigure.EndpointWebMvcAutoConfiguration$EndpointWebMvcConfiguration due to org/thymeleaf/spring5/templateresolver/SpringResourceTemplateResolver not found. Make sure your own configuration does not rely on that class. This can also happen if you are @ComponentScanning a springframework package (e.g. if you put a @ComponentScan in the default package by mistake)
	at org.springframework.boot.autoconfigure.condition.SpringBootCondition.matches(SpringBootCondition.java:55) ~[spring-boot-autoconfigure-1.5.16.RELEASE.jar:1.5.16.RELEASE]
	at org.springframework.context.annotation.ConditionEvaluator.shouldSkip(ConditionEvaluator.java:102) ~[spring-context-4.3.19.RELEASE.jar:4.3.19.RELEASE]
	at org.springframework.context.annotation.ConfigurationClassBeanDefinitionReader$TrackedConditionEvaluator.shouldSkip(ConfigurationClassBeanDefinitionReader.java:444) ~[spring-context-4.3.19.RELEASE.jar:4.3.19.RELEASE]
	at org.springframework.context.annotation.ConfigurationClassBeanDefinitionReader$TrackedConditionEvaluator.shouldSkip(ConfigurationClassBeanDefinitionReader.java:433) ~[spring-context-4.3.19.RELEASE.jar:4.3.19.RELEASE]
	at org.springframework.context.annotation.ConfigurationClassBeanDefinitionReader.loadBeanDefinitionsForConfigurationClass(ConfigurationClassBeanDefinitionReader.java:127) ~[spring-context-4.3.19.RELEASE.jar:4.3.19.RELEASE]
	at org.springframework.context.annotation.ConfigurationClassBeanDefinitionReader.loadBeanDefinitions(ConfigurationClassBeanDefinitionReader.java:116) ~[spring-context-4.3.19.RELEASE.jar:4.3.19.RELEASE]
	at org.springframework.context.annotation.ConfigurationClassPostProcessor.processConfigBeanDefinitions(ConfigurationClassPostProcessor.java:320) ~[spring-context-4.3.19.RELEASE.jar:4.3.19.RELEASE]
	at org.springframework.context.annotation.ConfigurationClassPostProcessor.postProcessBeanDefinitionRegistry(ConfigurationClassPostProcessor.java:228) ~[spring-context-4.3.19.RELEASE.jar:4.3.19.RELEASE]
	at org.springframework.context.support.PostProcessorRegistrationDelegate.invokeBeanDefinitionRegistryPostProcessors(PostProcessorRegistrationDelegate.java:272) ~[spring-context-4.3.19.RELEASE.jar:4.3.19.RELEASE]
	at org.springframework.context.support.PostProcessorRegistrationDelegate.invokeBeanFactoryPostProcessors(PostProcessorRegistrationDelegate.java:92) ~[spring-context-4.3.19.RELEASE.jar:4.3.19.RELEASE]
	at org.springframework.context.support.AbstractApplicationContext.invokeBeanFactoryPostProcessors(AbstractApplicationContext.java:687) ~[spring-context-4.3.19.RELEASE.jar:4.3.19.RELEASE]
	at org.springframework.context.support.AbstractApplicationContext.refresh(AbstractApplicationContext.java:525) ~[spring-context-4.3.19.RELEASE.jar:4.3.19.RELEASE]
	at org.springframework.boot.context.embedded.EmbeddedWebApplicationContext.refresh(EmbeddedWebApplicationContext.java:122) ~[spring-boot-1.5.16.RELEASE.jar:1.5.16.RELEASE]
	at org.springframework.boot.SpringApplication.refresh(SpringApplication.java:693) [spring-boot-1.5.16.RELEASE.jar:1.5.16.RELEASE]
	at org.springframework.boot.SpringApplication.refreshContext(SpringApplication.java:360) [spring-boot-1.5.16.RELEASE.jar:1.5.16.RELEASE]
	at org.springframework.boot.SpringApplication.run(SpringApplication.java:303) [spring-boot-1.5.16.RELEASE.jar:1.5.16.RELEASE]
	at org.springframework.boot.SpringApplication.run(SpringApplication.java:1118) [spring-boot-1.5.16.RELEASE.jar:1.5.16.RELEASE]
	at org.springframework.boot.SpringApplication.run(SpringApplication.java:1107) [spring-boot-1.5.16.RELEASE.jar:1.5.16.RELEASE]
	at com.krista.spring.boot.admin.service.AdminServiceApplication.main(AdminServiceApplication.java:19) [classes/:na]
Caused by: java.lang.NoClassDefFoundError: org/thymeleaf/spring5/templateresolver/SpringResourceTemplateResolver
	at java.lang.Class.getDeclaredMethods0(Native Method) ~[na:1.8.0_121]
	at java.lang.Class.privateGetDeclaredMethods(Class.java:2701) ~[na:1.8.0_121]
	at java.lang.Class.getDeclaredMethods(Class.java:1975) ~[na:1.8.0_121]
	at org.springframework.util.ReflectionUtils.getDeclaredMethods(ReflectionUtils.java:613) ~[spring-core-4.3.19.RELEASE.jar:4.3.19.RELEASE]
	at org.springframework.util.ReflectionUtils.doWithMethods(ReflectionUtils.java:524) ~[spring-core-4.3.19.RELEASE.jar:4.3.19.RELEASE]
	at org.springframework.util.ReflectionUtils.doWithMethods(ReflectionUtils.java:510) ~[spring-core-4.3.19.RELEASE.jar:4.3.19.RELEASE]
	at org.springframework.util.ReflectionUtils.getUniqueDeclaredMethods(ReflectionUtils.java:570) ~[spring-core-4.3.19.RELEASE.jar:4.3.19.RELEASE]
	at org.springframework.beans.factory.support.AbstractAutowireCapableBeanFactory.getTypeForFactoryMethod(AbstractAutowireCapableBeanFactory.java:695) ~[spring-beans-4.3.19.RELEASE.jar:4.3.19.RELEASE]
	at org.springframework.beans.factory.support.AbstractAutowireCapableBeanFactory.determineTargetType(AbstractAutowireCapableBeanFactory.java:638) ~[spring-beans-4.3.19.RELEASE.jar:4.3.19.RELEASE]
	at org.springframework.beans.factory.support.AbstractAutowireCapableBeanFactory.predictBeanType(AbstractAutowireCapableBeanFactory.java:607) ~[spring-beans-4.3.19.RELEASE.jar:4.3.19.RELEASE]
	at org.springframework.beans.factory.support.AbstractBeanFactory.isFactoryBean(AbstractBeanFactory.java:1490) ~[spring-beans-4.3.19.RELEASE.jar:4.3.19.RELEASE]
	at org.springframework.beans.factory.support.DefaultListableBeanFactory.doGetBeanNamesForType(DefaultListableBeanFactory.java:425) ~[spring-beans-4.3.19.RELEASE.jar:4.3.19.RELEASE]
	at org.springframework.beans.factory.support.DefaultListableBeanFactory.getBeanNamesForType(DefaultListableBeanFactory.java:395) ~[spring-beans-4.3.19.RELEASE.jar:4.3.19.RELEASE]
	at org.springframework.boot.actuate.autoconfigure.EndpointWebMvcAutoConfiguration$ManagementServerPort.hasCustomBeanDefinition(EndpointWebMvcAutoConfiguration.java:424) ~[spring-boot-actuator-1.5.16.RELEASE.jar:1.5.16.RELEASE]
	at org.springframework.boot.actuate.autoconfigure.EndpointWebMvcAutoConfiguration$ManagementServerPort.hasCustomBeanDefinition(EndpointWebMvcAutoConfiguration.java:417) ~[spring-boot-actuator-1.5.16.RELEASE.jar:1.5.16.RELEASE]
	at org.springframework.boot.actuate.autoconfigure.EndpointWebMvcAutoConfiguration$ManagementServerPort.get(EndpointWebMvcAutoConfiguration.java:368) ~[spring-boot-actuator-1.5.16.RELEASE.jar:1.5.16.RELEASE]
	at org.springframework.boot.actuate.autoconfigure.EndpointWebMvcAutoConfiguration$OnManagementMvcCondition.getMatchOutcome(EndpointWebMvcAutoConfiguration.java:345) ~[spring-boot-actuator-1.5.16.RELEASE.jar:1.5.16.RELEASE]
	at org.springframework.boot.autoconfigure.condition.SpringBootCondition.matches(SpringBootCondition.java:47) ~[spring-boot-autoconfigure-1.5.16.RELEASE.jar:1.5.16.RELEASE]
	... 18 common frames omitted
Caused by: java.lang.ClassNotFoundException: org.thymeleaf.spring5.templateresolver.SpringResourceTemplateResolver
	at java.net.URLClassLoader.findClass(URLClassLoader.java:381) ~[na:1.8.0_121]
	at java.lang.ClassLoader.loadClass(ClassLoader.java:424) ~[na:1.8.0_121]
	at sun.misc.Launcher$AppClassLoader.loadClass(Launcher.java:331) ~[na:1.8.0_121]
	at java.lang.ClassLoader.loadClass(ClassLoader.java:357) ~[na:1.8.0_121]
	... 36 common frames omitted

2018-10-29 11:41:17.365  INFO 5224 --- [main] ationConfigEmbeddedWebApplicationContext : Closing org.springframework.boot.context.embedded.AnnotationConfigEmbeddedWebApplicationContext@73ff4fae: startup date [Mon Oct 29 11:41:16 CST 2018]; parent: org.springframework.context.annotation.AnnotationConfigApplicationContext@6572421
2018-10-29 11:52:16.662  INFO 3640 --- [main] c.k.s.b.a.s.AdminServiceApplication      : No active profile set, falling back to default profiles: default
2018-10-29 11:52:16.676  INFO 3640 --- [main] ationConfigEmbeddedWebApplicationContext : Refreshing org.springframework.boot.context.embedded.AnnotationConfigEmbeddedWebApplicationContext@1d3ac898: startup date [Mon Oct 29 11:52:16 CST 2018]; parent: org.springframework.context.annotation.AnnotationConfigApplicationContext@56620197
2018-10-29 11:52:17.937  INFO 3640 --- [main] o.s.b.f.s.DefaultListableBeanFactory     : Overriding bean definition for bean 'counterFactory' with a different definition: replacing [Root bean: class [null]; scope=; abstract=false; lazyInit=false; autowireMode=3; dependencyCheck=0; autowireCandidate=true; primary=false; factoryBeanName=org.springframework.cloud.netflix.zuul.ZuulServerAutoConfiguration$ZuulMetricsConfiguration; factoryMethodName=counterFactory; initMethodName=null; destroyMethodName=(inferred); defined in class path resource [org/springframework/cloud/netflix/zuul/ZuulServerAutoConfiguration$ZuulMetricsConfiguration.class]] with [Root bean: class [null]; scope=; abstract=false; lazyInit=false; autowireMode=3; dependencyCheck=0; autowireCandidate=true; primary=false; factoryBeanName=org.springframework.cloud.netflix.zuul.ZuulServerAutoConfiguration$ZuulCounterFactoryConfiguration; factoryMethodName=counterFactory; initMethodName=null; destroyMethodName=(inferred); defined in class path resource [org/springframework/cloud/netflix/zuul/ZuulServerAutoConfiguration$ZuulCounterFactoryConfiguration.class]]
2018-10-29 11:52:18.009  INFO 3640 --- [main] o.s.b.f.s.DefaultListableBeanFactory     : Overriding bean definition for bean 'zuulRefreshRoutesListener' with a different definition: replacing [Root bean: class [null]; scope=; abstract=false; lazyInit=false; autowireMode=3; dependencyCheck=0; autowireCandidate=true; primary=false; factoryBeanName=org.springframework.cloud.netflix.zuul.ZuulServerAutoConfiguration; factoryMethodName=zuulRefreshRoutesListener; initMethodName=null; destroyMethodName=(inferred); defined in class path resource [org/springframework/cloud/netflix/zuul/ZuulServerAutoConfiguration.class]] with [Root bean: class [null]; scope=; abstract=false; lazyInit=false; autowireMode=3; dependencyCheck=0; autowireCandidate=true; primary=false; factoryBeanName=de.codecentric.boot.admin.config.RevereseZuulProxyConfiguration; factoryMethodName=zuulRefreshRoutesListener; initMethodName=null; destroyMethodName=(inferred); defined in class path resource [de/codecentric/boot/admin/config/RevereseZuulProxyConfiguration.class]]
2018-10-29 11:52:18.192  INFO 3640 --- [main] o.s.cloud.context.scope.GenericScope     : BeanFactory id=b59131b4-4794-3cfd-a6ff-75d68af90973
2018-10-29 11:52:18.207  INFO 3640 --- [main] f.a.AutowiredAnnotationBeanPostProcessor : JSR-330 'javax.inject.Inject' annotation found and supported for autowiring
2018-10-29 11:52:18.269  INFO 3640 --- [main] trationDelegate$BeanPostProcessorChecker : Bean 'org.springframework.cloud.netflix.metrics.MetricsInterceptorConfiguration$MetricsRestTemplateConfiguration' of type [org.springframework.cloud.netflix.metrics.MetricsInterceptorConfiguration$MetricsRestTemplateConfiguration$$EnhancerBySpringCGLIB$$aea9f1b7] is not eligible for getting processed by all BeanPostProcessors (for example: not eligible for auto-proxying)
2018-10-29 11:52:18.285  INFO 3640 --- [main] trationDelegate$BeanPostProcessorChecker : Bean 'org.springframework.cloud.autoconfigure.ConfigurationPropertiesRebinderAutoConfiguration' of type [org.springframework.cloud.autoconfigure.ConfigurationPropertiesRebinderAutoConfiguration$$EnhancerBySpringCGLIB$$98974e73] is not eligible for getting processed by all BeanPostProcessors (for example: not eligible for auto-proxying)
2018-10-29 11:52:18.720  INFO 3640 --- [main] s.b.c.e.t.TomcatEmbeddedServletContainer : Tomcat initialized with port(s): 8888 (http)
2018-10-29 11:52:18.738  INFO 3640 --- [main] o.apache.catalina.core.StandardService   : Starting service [Tomcat]
2018-10-29 11:52:18.739  INFO 3640 --- [main] org.apache.catalina.core.StandardEngine  : Starting Servlet Engine: Apache Tomcat/8.5.23
2018-10-29 11:52:18.858  INFO 3640 --- [localhost-startStop-1] o.a.c.c.C.[Tomcat].[localhost].[/]       : Initializing Spring embedded WebApplicationContext
2018-10-29 11:52:18.860  INFO 3640 --- [localhost-startStop-1] o.s.web.context.ContextLoader            : Root WebApplicationContext: initialization completed in 2184 ms
2018-10-29 11:52:19.170  INFO 3640 --- [localhost-startStop-1] o.s.b.w.servlet.ServletRegistrationBean  : Mapping servlet: 'dispatcherServlet' to [/]
2018-10-29 11:52:19.174  INFO 3640 --- [localhost-startStop-1] o.s.b.w.servlet.ServletRegistrationBean  : Mapping servlet: 'zuulServlet' to [/zuul/*]
2018-10-29 11:52:19.177  INFO 3640 --- [localhost-startStop-1] o.s.b.w.servlet.FilterRegistrationBean   : Mapping filter: 'metricsFilter' to: [/*]
2018-10-29 11:52:19.178  INFO 3640 --- [localhost-startStop-1] o.s.b.w.servlet.FilterRegistrationBean   : Mapping filter: 'characterEncodingFilter' to: [/*]
2018-10-29 11:52:19.178  INFO 3640 --- [localhost-startStop-1] o.s.b.w.servlet.FilterRegistrationBean   : Mapping filter: 'hiddenHttpMethodFilter' to: [/*]
2018-10-29 11:52:19.178  INFO 3640 --- [localhost-startStop-1] o.s.b.w.servlet.FilterRegistrationBean   : Mapping filter: 'httpPutFormContentFilter' to: [/*]
2018-10-29 11:52:19.178  INFO 3640 --- [localhost-startStop-1] o.s.b.w.servlet.FilterRegistrationBean   : Mapping filter: 'requestContextFilter' to: [/*]
2018-10-29 11:52:19.178  INFO 3640 --- [localhost-startStop-1] o.s.b.w.servlet.FilterRegistrationBean   : Mapping filter: 'webRequestLoggingFilter' to: [/*]
2018-10-29 11:52:19.178  INFO 3640 --- [localhost-startStop-1] o.s.b.w.servlet.FilterRegistrationBean   : Mapping filter: 'applicationContextIdFilter' to: [/*]
2018-10-29 11:52:19.404  WARN 3640 --- [main] c.n.c.sources.URLConfigurationSource     : No URLs will be polled as dynamic configuration sources.
2018-10-29 11:52:19.404  INFO 3640 --- [main] c.n.c.sources.URLConfigurationSource     : To enable URLs as dynamic configuration sources, define System property archaius.configurationSource.additionalUrls or make config.properties available on classpath.
2018-10-29 11:52:19.428  WARN 3640 --- [main] c.n.c.sources.URLConfigurationSource     : No URLs will be polled as dynamic configuration sources.
2018-10-29 11:52:19.428  INFO 3640 --- [main] c.n.c.sources.URLConfigurationSource     : To enable URLs as dynamic configuration sources, define System property archaius.configurationSource.additionalUrls or make config.properties available on classpath.
2018-10-29 11:52:19.938  INFO 3640 --- [main] s.w.s.m.m.a.RequestMappingHandlerAdapter : Looking for @ControllerAdvice: org.springframework.boot.context.embedded.AnnotationConfigEmbeddedWebApplicationContext@1d3ac898: startup date [Mon Oct 29 11:52:16 CST 2018]; parent: org.springframework.context.annotation.AnnotationConfigApplicationContext@56620197
2018-10-29 11:52:20.153  INFO 3640 --- [main] s.w.s.m.m.a.RequestMappingHandlerMapping : Mapped "{[/error]}" onto public org.springframework.http.ResponseEntity<java.util.Map<java.lang.String, java.lang.Object>> org.springframework.boot.autoconfigure.web.BasicErrorController.error(javax.servlet.http.HttpServletRequest)
2018-10-29 11:52:20.154  INFO 3640 --- [main] s.w.s.m.m.a.RequestMappingHandlerMapping : Mapped "{[/error],produces=[text/html]}" onto public org.springframework.web.servlet.ModelAndView org.springframework.boot.autoconfigure.web.BasicErrorController.errorHtml(javax.servlet.http.HttpServletRequest,javax.servlet.http.HttpServletResponse)
2018-10-29 11:52:20.164  INFO 3640 --- [main] s.w.s.m.m.a.RequestMappingHandlerMapping : Mapped "{[/api/applications/{id}],methods=[GET]}" onto public org.springframework.http.ResponseEntity<?> de.codecentric.boot.admin.registry.web.RegistryController.get(java.lang.String)
2018-10-29 11:52:20.164  INFO 3640 --- [main] s.w.s.m.m.a.RequestMappingHandlerMapping : Mapped "{[/api/applications],methods=[POST]}" onto public org.springframework.http.ResponseEntity<?> de.codecentric.boot.admin.registry.web.RegistryController.register(de.codecentric.boot.admin.model.Application,org.springframework.web.util.UriComponentsBuilder)
2018-10-29 11:52:20.164  INFO 3640 --- [main] s.w.s.m.m.a.RequestMappingHandlerMapping : Mapped "{[/api/applications/{id}],methods=[DELETE]}" onto public org.springframework.http.ResponseEntity<?> de.codecentric.boot.admin.registry.web.RegistryController.unregister(java.lang.String)
2018-10-29 11:52:20.164  INFO 3640 --- [main] s.w.s.m.m.a.RequestMappingHandlerMapping : Mapped "{[/api/applications],methods=[GET]}" onto public java.util.Collection<de.codecentric.boot.admin.model.Application> de.codecentric.boot.admin.registry.web.RegistryController.applications(java.lang.String)
2018-10-29 11:52:20.167  INFO 3640 --- [main] s.w.s.m.m.a.RequestMappingHandlerMapping : Mapped "{[/api/journal],produces=[application/json]}" onto public java.util.Collection<de.codecentric.boot.admin.event.ClientApplicationEvent> de.codecentric.boot.admin.journal.web.JournalController.getJournal()
2018-10-29 11:52:20.167  INFO 3640 --- [main] s.w.s.m.m.a.RequestMappingHandlerMapping : Mapped "{[/api/journal],produces=[text/event-stream]}" onto public org.springframework.web.servlet.mvc.method.annotation.SseEmitter de.codecentric.boot.admin.journal.web.JournalController.getJournalEvents()
2018-10-29 11:52:20.258  INFO 3640 --- [main] o.s.w.s.handler.SimpleUrlHandlerMapping  : Root mapping to handler of type [class org.springframework.web.servlet.mvc.ParameterizableViewController]
2018-10-29 11:52:20.283  WARN 3640 --- [main] o.s.w.s.r.ResourceHttpRequestHandler     : Locations list is empty. No resources will be served unless a custom ResourceResolver is configured as an alternative to PathResourceResolver.
2018-10-29 11:52:20.283  WARN 3640 --- [main] o.s.w.s.r.ResourceHttpRequestHandler     : Locations list is empty. No resources will be served unless a custom ResourceResolver is configured as an alternative to PathResourceResolver.
2018-10-29 11:52:20.285  INFO 3640 --- [main] o.s.w.s.handler.SimpleUrlHandlerMapping  : Mapped URL path [/webjars/**] onto handler of type [class org.springframework.web.servlet.resource.ResourceHttpRequestHandler]
2018-10-29 11:52:20.285  INFO 3640 --- [main] o.s.w.s.handler.SimpleUrlHandlerMapping  : Mapped URL path [/**] onto handler of type [class org.springframework.web.servlet.resource.ResourceHttpRequestHandler]
2018-10-29 11:52:20.285  INFO 3640 --- [main] o.s.w.s.handler.SimpleUrlHandlerMapping  : Mapped URL path [/all-modules.css] onto handler of type [class org.springframework.web.servlet.resource.ResourceHttpRequestHandler]
2018-10-29 11:52:20.285  INFO 3640 --- [main] o.s.w.s.handler.SimpleUrlHandlerMapping  : Mapped URL path [/all-modules.js] onto handler of type [class org.springframework.web.servlet.resource.ResourceHttpRequestHandler]
2018-10-29 11:52:20.339  INFO 3640 --- [main] o.s.w.s.handler.SimpleUrlHandlerMapping  : Mapped URL path [/**/favicon.ico] onto handler of type [class org.springframework.web.servlet.resource.ResourceHttpRequestHandler]
2018-10-29 11:52:23.179  INFO 3640 --- [main] o.s.b.a.e.mvc.EndpointHandlerMapping     : Mapped "{[/logfile || /logfile.json],methods=[GET || HEAD]}" onto public void org.springframework.boot.actuate.endpoint.mvc.LogFileMvcEndpoint.invoke(javax.servlet.http.HttpServletRequest,javax.servlet.http.HttpServletResponse) throws javax.servlet.ServletException,java.io.IOException
2018-10-29 11:52:23.180  INFO 3640 --- [main] o.s.b.a.e.mvc.EndpointHandlerMapping     : Mapped "{[/heapdump || /heapdump.json],methods=[GET],produces=[application/octet-stream]}" onto public void org.springframework.boot.actuate.endpoint.mvc.HeapdumpMvcEndpoint.invoke(boolean,javax.servlet.http.HttpServletRequest,javax.servlet.http.HttpServletResponse) throws java.io.IOException,javax.servlet.ServletException
2018-10-29 11:52:23.180  INFO 3640 --- [main] o.s.b.a.e.mvc.EndpointHandlerMapping     : Mapped "{[/autoconfig || /autoconfig.json],methods=[GET],produces=[application/vnd.spring-boot.actuator.v1+json || application/json]}" onto public java.lang.Object org.springframework.boot.actuate.endpoint.mvc.EndpointMvcAdapter.invoke()
2018-10-29 11:52:23.181  INFO 3640 --- [main] o.s.b.a.e.mvc.EndpointHandlerMapping     : Mapped "{[/loggers/{name:.*}],methods=[GET],produces=[application/vnd.spring-boot.actuator.v1+json || application/json]}" onto public java.lang.Object org.springframework.boot.actuate.endpoint.mvc.LoggersMvcEndpoint.get(java.lang.String)
2018-10-29 11:52:23.182  INFO 3640 --- [main] o.s.b.a.e.mvc.EndpointHandlerMapping     : Mapped "{[/loggers/{name:.*}],methods=[POST],consumes=[application/vnd.spring-boot.actuator.v1+json || application/json],produces=[application/vnd.spring-boot.actuator.v1+json || application/json]}" onto public java.lang.Object org.springframework.boot.actuate.endpoint.mvc.LoggersMvcEndpoint.set(java.lang.String,java.util.Map<java.lang.String, java.lang.String>)
2018-10-29 11:52:23.183  INFO 3640 --- [main] o.s.b.a.e.mvc.EndpointHandlerMapping     : Mapped "{[/loggers || /loggers.json],methods=[GET],produces=[application/vnd.spring-boot.actuator.v1+json || application/json]}" onto public java.lang.Object org.springframework.boot.actuate.endpoint.mvc.EndpointMvcAdapter.invoke()
2018-10-29 11:52:23.220  INFO 3640 --- [main] o.s.b.a.e.mvc.EndpointHandlerMapping     : Mapped "{[/metrics/{name:.*}],methods=[GET],produces=[application/vnd.spring-boot.actuator.v1+json || application/json]}" onto public java.lang.Object org.springframework.boot.actuate.endpoint.mvc.MetricsMvcEndpoint.value(java.lang.String)
2018-10-29 11:52:23.220  INFO 3640 --- [main] o.s.b.a.e.mvc.EndpointHandlerMapping     : Mapped "{[/metrics || /metrics.json],methods=[GET],produces=[application/vnd.spring-boot.actuator.v1+json || application/json]}" onto public java.lang.Object org.springframework.boot.actuate.endpoint.mvc.EndpointMvcAdapter.invoke()
2018-10-29 11:52:23.220  INFO 3640 --- [main] o.s.b.a.e.mvc.EndpointHandlerMapping     : Mapped "{[/service-registry/instance-status],methods=[GET]}" onto public org.springframework.http.ResponseEntity org.springframework.cloud.client.serviceregistry.endpoint.ServiceRegistryEndpoint.getStatus()
2018-10-29 11:52:23.221  INFO 3640 --- [main] o.s.b.a.e.mvc.EndpointHandlerMapping     : Mapped "{[/service-registry/instance-status],methods=[POST]}" onto public org.springframework.http.ResponseEntity<?> org.springframework.cloud.client.serviceregistry.endpoint.ServiceRegistryEndpoint.setStatus(java.lang.String)
2018-10-29 11:52:23.221  INFO 3640 --- [main] o.s.b.a.e.mvc.EndpointHandlerMapping     : Mapped "{[/beans || /beans.json],methods=[GET],produces=[application/vnd.spring-boot.actuator.v1+json || application/json]}" onto public java.lang.Object org.springframework.boot.actuate.endpoint.mvc.EndpointMvcAdapter.invoke()
2018-10-29 11:52:23.222  INFO 3640 --- [main] o.s.b.a.e.mvc.EndpointHandlerMapping     : Mapped "{[/features || /features.json],methods=[GET],produces=[application/vnd.spring-boot.actuator.v1+json || application/json]}" onto public java.lang.Object org.springframework.boot.actuate.endpoint.mvc.EndpointMvcAdapter.invoke()
2018-10-29 11:52:23.222  INFO 3640 --- [main] o.s.b.a.e.mvc.EndpointHandlerMapping     : Mapped "{[/routes || /routes.json],methods=[GET],produces=[application/vnd.spring-boot.actuator.v1+json || application/json]}" onto public java.lang.Object org.springframework.boot.actuate.endpoint.mvc.EndpointMvcAdapter.invoke()
2018-10-29 11:52:23.223  INFO 3640 --- [main] o.s.b.a.e.mvc.EndpointHandlerMapping     : Mapped "{[/archaius || /archaius.json],methods=[GET],produces=[application/vnd.spring-boot.actuator.v1+json || application/json]}" onto public java.lang.Object org.springframework.boot.actuate.endpoint.mvc.EndpointMvcAdapter.invoke()
2018-10-29 11:52:23.224  INFO 3640 --- [main] o.s.b.a.e.mvc.EndpointHandlerMapping     : Mapped "{[/env/{name:.*}],methods=[GET],produces=[application/vnd.spring-boot.actuator.v1+json || application/json]}" onto public java.lang.Object org.springframework.boot.actuate.endpoint.mvc.EnvironmentMvcEndpoint.value(java.lang.String)
2018-10-29 11:52:23.225  INFO 3640 --- [main] o.s.b.a.e.mvc.EndpointHandlerMapping     : Mapped "{[/env || /env.json],methods=[GET],produces=[application/vnd.spring-boot.actuator.v1+json || application/json]}" onto public java.lang.Object org.springframework.boot.actuate.endpoint.mvc.EndpointMvcAdapter.invoke()
2018-10-29 11:52:23.226  INFO 3640 --- [main] o.s.b.a.e.mvc.EndpointHandlerMapping     : Mapped "{[/auditevents || /auditevents.json],methods=[GET],produces=[application/vnd.spring-boot.actuator.v1+json || application/json]}" onto public org.springframework.http.ResponseEntity<?> org.springframework.boot.actuate.endpoint.mvc.AuditEventsMvcEndpoint.findByPrincipalAndAfterAndType(java.lang.String,java.util.Date,java.lang.String)
2018-10-29 11:52:23.240  INFO 3640 --- [main] o.s.b.a.e.mvc.EndpointHandlerMapping     : Mapped "{[/info || /info.json],methods=[GET],produces=[application/vnd.spring-boot.actuator.v1+json || application/json]}" onto public java.lang.Object org.springframework.boot.actuate.endpoint.mvc.EndpointMvcAdapter.invoke()
2018-10-29 11:52:23.241  INFO 3640 --- [main] o.s.b.a.e.mvc.EndpointHandlerMapping     : Mapped "{[/health || /health.json],methods=[GET],produces=[application/vnd.spring-boot.actuator.v1+json || application/json]}" onto public java.lang.Object org.springframework.boot.actuate.endpoint.mvc.HealthMvcEndpoint.invoke(javax.servlet.http.HttpServletRequest,java.security.Principal)
2018-10-29 11:52:23.241  INFO 3640 --- [main] o.s.b.a.e.mvc.EndpointHandlerMapping     : Mapped "{[/env],methods=[POST]}" onto public java.lang.Object org.springframework.cloud.context.environment.EnvironmentManagerMvcEndpoint.value(java.util.Map<java.lang.String, java.lang.String>)
2018-10-29 11:52:23.242  INFO 3640 --- [main] o.s.b.a.e.mvc.EndpointHandlerMapping     : Mapped "{[/env/reset],methods=[POST]}" onto public java.util.Map<java.lang.String, java.lang.Object> org.springframework.cloud.context.environment.EnvironmentManagerMvcEndpoint.reset()
2018-10-29 11:52:23.243  INFO 3640 --- [main] o.s.b.a.e.mvc.EndpointHandlerMapping     : Mapped "{[/dump || /dump.json],methods=[GET],produces=[application/vnd.spring-boot.actuator.v1+json || application/json]}" onto public java.lang.Object org.springframework.boot.actuate.endpoint.mvc.EndpointMvcAdapter.invoke()
2018-10-29 11:52:23.245  INFO 3640 --- [main] o.s.b.a.e.mvc.EndpointHandlerMapping     : Mapped "{[/refresh || /refresh.json],methods=[POST]}" onto public java.lang.Object org.springframework.cloud.endpoint.GenericPostableMvcEndpoint.invoke()
2018-10-29 11:52:23.245  INFO 3640 --- [main] o.s.b.a.e.mvc.EndpointHandlerMapping     : Mapped "{[/mappings || /mappings.json],methods=[GET],produces=[application/vnd.spring-boot.actuator.v1+json || application/json]}" onto public java.lang.Object org.springframework.boot.actuate.endpoint.mvc.EndpointMvcAdapter.invoke()
2018-10-29 11:52:23.245  INFO 3640 --- [main] o.s.b.a.e.mvc.EndpointHandlerMapping     : Mapped "{[/trace || /trace.json],methods=[GET],produces=[application/vnd.spring-boot.actuator.v1+json || application/json]}" onto public java.lang.Object org.springframework.boot.actuate.endpoint.mvc.EndpointMvcAdapter.invoke()
2018-10-29 11:52:23.246  INFO 3640 --- [main] o.s.b.a.e.mvc.EndpointHandlerMapping     : Mapped "{[/configprops || /configprops.json],methods=[GET],produces=[application/vnd.spring-boot.actuator.v1+json || application/json]}" onto public java.lang.Object org.springframework.boot.actuate.endpoint.mvc.EndpointMvcAdapter.invoke()
2018-10-29 11:52:24.057  INFO 3640 --- [main] o.s.c.n.zuul.ZuulFilterInitializer       : Starting filter initializer
2018-10-29 11:52:24.079  WARN 3640 --- [main] arterDeprecationWarningAutoConfiguration : spring-cloud-starter-eureka is deprecated as of Spring Cloud Netflix 1.4.0, please migrate to spring-cloud-starter-netflix-eureka
2018-10-29 11:52:24.449  INFO 3640 --- [main] o.s.s.c.ThreadPoolTaskScheduler          : Initializing ExecutorService  'updateTaskScheduler'
2018-10-29 11:52:24.494  INFO 3640 --- [main] d.c.boot.admin.web.PrefixHandlerMapping  : Mapped "{[/api/applications/{id}],methods=[GET]}" onto public org.springframework.http.ResponseEntity<?> de.codecentric.boot.admin.registry.web.RegistryController.get(java.lang.String)
2018-10-29 11:52:24.494  INFO 3640 --- [main] d.c.boot.admin.web.PrefixHandlerMapping  : Mapped "{[/api/applications],methods=[POST]}" onto public org.springframework.http.ResponseEntity<?> de.codecentric.boot.admin.registry.web.RegistryController.register(de.codecentric.boot.admin.model.Application,org.springframework.web.util.UriComponentsBuilder)
2018-10-29 11:52:24.494  INFO 3640 --- [main] d.c.boot.admin.web.PrefixHandlerMapping  : Mapped "{[/api/applications/{id}],methods=[DELETE]}" onto public org.springframework.http.ResponseEntity<?> de.codecentric.boot.admin.registry.web.RegistryController.unregister(java.lang.String)
2018-10-29 11:52:24.494  INFO 3640 --- [main] d.c.boot.admin.web.PrefixHandlerMapping  : Mapped "{[/api/applications],methods=[GET]}" onto public java.util.Collection<de.codecentric.boot.admin.model.Application> de.codecentric.boot.admin.registry.web.RegistryController.applications(java.lang.String)
2018-10-29 11:52:24.494  INFO 3640 --- [main] d.c.boot.admin.web.PrefixHandlerMapping  : Mapped "{[/api/journal],produces=[application/json]}" onto public java.util.Collection<de.codecentric.boot.admin.event.ClientApplicationEvent> de.codecentric.boot.admin.journal.web.JournalController.getJournal()
2018-10-29 11:52:24.495  INFO 3640 --- [main] d.c.boot.admin.web.PrefixHandlerMapping  : Mapped "{[/api/journal],produces=[text/event-stream]}" onto public org.springframework.web.servlet.mvc.method.annotation.SseEmitter de.codecentric.boot.admin.journal.web.JournalController.getJournalEvents()
2018-10-29 11:52:24.560  INFO 3640 --- [main] o.s.j.e.a.AnnotationMBeanExporter        : Registering beans for JMX exposure on startup
2018-10-29 11:52:24.574  INFO 3640 --- [main] o.s.j.e.a.AnnotationMBeanExporter        : Bean with name 'environmentManager' has been autodetected for JMX exposure
2018-10-29 11:52:24.577  INFO 3640 --- [main] o.s.j.e.a.AnnotationMBeanExporter        : Bean with name 'configurationPropertiesRebinder' has been autodetected for JMX exposure
2018-10-29 11:52:24.579  INFO 3640 --- [main] o.s.j.e.a.AnnotationMBeanExporter        : Bean with name 'refreshEndpoint' has been autodetected for JMX exposure
2018-10-29 11:52:24.579  INFO 3640 --- [main] o.s.j.e.a.AnnotationMBeanExporter        : Bean with name 'serviceRegistryEndpoint' has been autodetected for JMX exposure
2018-10-29 11:52:24.586  INFO 3640 --- [main] o.s.j.e.a.AnnotationMBeanExporter        : Bean with name 'zuulEndpoint' has been autodetected for JMX exposure
2018-10-29 11:52:24.586  INFO 3640 --- [main] o.s.j.e.a.AnnotationMBeanExporter        : Bean with name 'refreshScope' has been autodetected for JMX exposure
2018-10-29 11:52:24.604  INFO 3640 --- [main] o.s.j.e.a.AnnotationMBeanExporter        : Located managed bean 'environmentManager': registering with JMX server as MBean [org.springframework.cloud.context.environment:name=environmentManager,type=EnvironmentManager]
2018-10-29 11:52:24.622  INFO 3640 --- [main] o.s.j.e.a.AnnotationMBeanExporter        : Located managed bean 'serviceRegistryEndpoint': registering with JMX server as MBean [org.springframework.cloud.client.serviceregistry.endpoint:name=serviceRegistryEndpoint,type=ServiceRegistryEndpoint]
2018-10-29 11:52:24.627  INFO 3640 --- [main] o.s.j.e.a.AnnotationMBeanExporter        : Located managed bean 'refreshScope': registering with JMX server as MBean [org.springframework.cloud.context.scope.refresh:name=refreshScope,type=RefreshScope]
2018-10-29 11:52:24.638  INFO 3640 --- [main] o.s.j.e.a.AnnotationMBeanExporter        : Located managed bean 'zuulEndpoint': registering with JMX server as MBean [org.springframework.cloud.netflix.zuul:name=zuulEndpoint,type=RoutesEndpoint]
2018-10-29 11:52:24.641  WARN 3640 --- [main] o.s.j.e.a.AnnotationMBeanExporter        : Bean with key 'zuulEndpoint' has been registered as an MBean but has no exposed attributes or operations
2018-10-29 11:52:24.642  INFO 3640 --- [main] o.s.j.e.a.AnnotationMBeanExporter        : Located managed bean 'configurationPropertiesRebinder': registering with JMX server as MBean [org.springframework.cloud.context.properties:name=configurationPropertiesRebinder,context=1d3ac898,type=ConfigurationPropertiesRebinder]
2018-10-29 11:52:24.645  INFO 3640 --- [main] o.s.j.e.a.AnnotationMBeanExporter        : Located managed bean 'refreshEndpoint': registering with JMX server as MBean [org.springframework.cloud.endpoint:name=refreshEndpoint,type=RefreshEndpoint]
2018-10-29 11:52:24.655  INFO 3640 --- [main] o.s.c.support.DefaultLifecycleProcessor  : Starting beans in phase 0
2018-10-29 11:52:24.661  INFO 3640 --- [main] o.s.c.n.eureka.InstanceInfoFactory       : Setting initial instance status as: STARTING
2018-10-29 11:52:24.711  INFO 3640 --- [main] com.netflix.discovery.DiscoveryClient    : Initializing Eureka in region us-east-1
2018-10-29 11:52:24.808  INFO 3640 --- [main] c.n.d.provider.DiscoveryJerseyProvider   : Using JSON encoding codec LegacyJacksonJson
2018-10-29 11:52:24.809  INFO 3640 --- [main] c.n.d.provider.DiscoveryJerseyProvider   : Using JSON decoding codec LegacyJacksonJson
2018-10-29 11:52:25.000  INFO 3640 --- [main] c.n.d.provider.DiscoveryJerseyProvider   : Using XML encoding codec XStreamXml
2018-10-29 11:52:25.000  INFO 3640 --- [main] c.n.d.provider.DiscoveryJerseyProvider   : Using XML decoding codec XStreamXml
2018-10-29 11:52:25.263  INFO 3640 --- [main] c.n.d.s.r.aws.ConfigClusterResolver      : Resolving eureka endpoints via configuration
2018-10-29 11:52:26.215  INFO 3640 --- [main] com.netflix.discovery.DiscoveryClient    : Disable delta property : false
2018-10-29 11:52:26.215  INFO 3640 --- [main] com.netflix.discovery.DiscoveryClient    : Single vip registry refresh property : null
2018-10-29 11:52:26.215  INFO 3640 --- [main] com.netflix.discovery.DiscoveryClient    : Force full registry fetch : false
2018-10-29 11:52:26.215  INFO 3640 --- [main] com.netflix.discovery.DiscoveryClient    : Application is null : false
2018-10-29 11:52:26.215  INFO 3640 --- [main] com.netflix.discovery.DiscoveryClient    : Registered Applications size is zero : true
2018-10-29 11:52:26.215  INFO 3640 --- [main] com.netflix.discovery.DiscoveryClient    : Application version is -1: true
2018-10-29 11:52:26.215  INFO 3640 --- [main] com.netflix.discovery.DiscoveryClient    : Getting all instance registry info from the eureka server
2018-10-29 11:52:26.451  INFO 3640 --- [main] com.netflix.discovery.DiscoveryClient    : The response status is 200
2018-10-29 11:52:26.451  INFO 3640 --- [main] com.netflix.discovery.DiscoveryClient    : Starting heartbeat executor: renew interval is: 30
2018-10-29 11:52:26.454  INFO 3640 --- [main] c.n.discovery.InstanceInfoReplicator     : InstanceInfoReplicator onDemand update allowed rate per min is 4
2018-10-29 11:52:26.457  INFO 3640 --- [main] com.netflix.discovery.DiscoveryClient    : Discovery Client initialized at timestamp 1540785146456 with initial instances count: 2
2018-10-29 11:52:26.461  INFO 3640 --- [main] o.s.c.n.e.s.EurekaServiceRegistry        : Registering application admin-service with eureka with status UP
2018-10-29 11:52:26.462  INFO 3640 --- [main] com.netflix.discovery.DiscoveryClient    : Saw local status change event StatusChangeEvent [timestamp=1540785146462, current=UP, previous=STARTING]
2018-10-29 11:52:26.476  INFO 3640 --- [main] d.c.b.a.registry.ApplicationRegistry     : New Application Application [id=58ca8005, name=KRISTA.SERVICE.REGISTRY.CLUSTER, managementUrl=http://krista.service.registry.B:18765/, healthUrl=http://krista.service.registry.B:18765/health, serviceUrl=http://krista.service.registry.B:18765/] registered 
2018-10-29 11:52:26.495  INFO 3640 --- [DiscoveryClient-InstanceInfoReplicator-0] com.netflix.discovery.DiscoveryClient    : DiscoveryClient_ADMIN-SERVICE/windows10.microdone.cn:admin-service:8888: registering service...
2018-10-29 11:52:26.530  INFO 3640 --- [main] d.c.b.a.registry.ApplicationRegistry     : New Application Application [id=12b1fbdd, name=KRISTA.SERVICE.REGISTRY.CLUSTER, managementUrl=http://krista.service.registry.A:8765/, healthUrl=http://krista.service.registry.A:8765/health, serviceUrl=http://krista.service.registry.A:8765/] registered 
2018-10-29 11:52:26.623  INFO 3640 --- [DiscoveryClient-InstanceInfoReplicator-0] com.netflix.discovery.DiscoveryClient    : DiscoveryClient_ADMIN-SERVICE/windows10.microdone.cn:admin-service:8888 - registration status: 204
2018-10-29 11:52:26.752  INFO 3640 --- [main] s.b.c.e.t.TomcatEmbeddedServletContainer : Tomcat started on port(s): 8888 (http)
2018-10-29 11:52:26.752  INFO 3640 --- [main] .s.c.n.e.s.EurekaAutoServiceRegistration : Updating port to 8888
2018-10-29 11:52:26.758  INFO 3640 --- [main] c.k.s.b.a.s.AdminServiceApplication      : Started AdminServiceApplication in 11.878 seconds (JVM running for 13.179)
2018-10-29 11:52:56.487  INFO 3640 --- [DiscoveryClient-CacheRefreshExecutor-0] d.c.b.a.registry.ApplicationRegistry     : New Application Application [id=6ded69c5, name=ADMIN-SERVICE, managementUrl=http://windows10.microdone.cn:8888/, healthUrl=http://windows10.microdone.cn:8888/health, serviceUrl=http://windows10.microdone.cn:8888/] registered 
2018-10-29 11:52:56.535  INFO 3640 --- [http-nio-8888-exec-10] o.a.c.c.C.[Tomcat].[localhost].[/]       : Initializing Spring FrameworkServlet 'dispatcherServlet'
2018-10-29 11:52:56.535  INFO 3640 --- [http-nio-8888-exec-10] o.s.web.servlet.DispatcherServlet        : FrameworkServlet 'dispatcherServlet': initialization started
2018-10-29 11:52:56.552  INFO 3640 --- [http-nio-8888-exec-10] o.s.web.servlet.DispatcherServlet        : FrameworkServlet 'dispatcherServlet': initialization completed in 17 ms
2018-10-29 11:52:56.573  INFO 3640 --- [http-nio-8888-exec-10] o.s.c.n.zuul.web.ZuulHandlerMapping      : Mapped URL path [/api/applications/6ded69c5/health/**] onto handler of type [class org.springframework.cloud.netflix.zuul.web.ZuulController]
2018-10-29 11:52:56.573  INFO 3640 --- [http-nio-8888-exec-10] o.s.c.n.zuul.web.ZuulHandlerMapping      : Mapped URL path [/api/applications/6ded69c5/env/**] onto handler of type [class org.springframework.cloud.netflix.zuul.web.ZuulController]
2018-10-29 11:52:56.574  INFO 3640 --- [http-nio-8888-exec-10] o.s.c.n.zuul.web.ZuulHandlerMapping      : Mapped URL path [/api/applications/6ded69c5/metrics/**] onto handler of type [class org.springframework.cloud.netflix.zuul.web.ZuulController]
2018-10-29 11:52:56.574  INFO 3640 --- [http-nio-8888-exec-10] o.s.c.n.zuul.web.ZuulHandlerMapping      : Mapped URL path [/api/applications/6ded69c5/dump/**] onto handler of type [class org.springframework.cloud.netflix.zuul.web.ZuulController]
2018-10-29 11:52:56.575  INFO 3640 --- [http-nio-8888-exec-10] o.s.c.n.zuul.web.ZuulHandlerMapping      : Mapped URL path [/api/applications/6ded69c5/jolokia/**] onto handler of type [class org.springframework.cloud.netflix.zuul.web.ZuulController]
2018-10-29 11:52:56.575  INFO 3640 --- [http-nio-8888-exec-10] o.s.c.n.zuul.web.ZuulHandlerMapping      : Mapped URL path [/api/applications/6ded69c5/info/**] onto handler of type [class org.springframework.cloud.netflix.zuul.web.ZuulController]
2018-10-29 11:52:56.575  INFO 3640 --- [http-nio-8888-exec-10] o.s.c.n.zuul.web.ZuulHandlerMapping      : Mapped URL path [/api/applications/6ded69c5/configprops/**] onto handler of type [class org.springframework.cloud.netflix.zuul.web.ZuulController]
2018-10-29 11:52:56.575  INFO 3640 --- [http-nio-8888-exec-10] o.s.c.n.zuul.web.ZuulHandlerMapping      : Mapped URL path [/api/applications/6ded69c5/trace/**] onto handler of type [class org.springframework.cloud.netflix.zuul.web.ZuulController]
2018-10-29 11:52:56.575  INFO 3640 --- [http-nio-8888-exec-10] o.s.c.n.zuul.web.ZuulHandlerMapping      : Mapped URL path [/api/applications/6ded69c5/logfile/**] onto handler of type [class org.springframework.cloud.netflix.zuul.web.ZuulController]
2018-10-29 11:52:56.575  INFO 3640 --- [http-nio-8888-exec-10] o.s.c.n.zuul.web.ZuulHandlerMapping      : Mapped URL path [/api/applications/6ded69c5/refresh/**] onto handler of type [class org.springframework.cloud.netflix.zuul.web.ZuulController]
2018-10-29 11:52:56.575  INFO 3640 --- [http-nio-8888-exec-10] o.s.c.n.zuul.web.ZuulHandlerMapping      : Mapped URL path [/api/applications/6ded69c5/flyway/**] onto handler of type [class org.springframework.cloud.netflix.zuul.web.ZuulController]
2018-10-29 11:52:56.575  INFO 3640 --- [http-nio-8888-exec-10] o.s.c.n.zuul.web.ZuulHandlerMapping      : Mapped URL path [/api/applications/6ded69c5/liquibase/**] onto handler of type [class org.springframework.cloud.netflix.zuul.web.ZuulController]
2018-10-29 11:52:56.575  INFO 3640 --- [http-nio-8888-exec-10] o.s.c.n.zuul.web.ZuulHandlerMapping      : Mapped URL path [/api/applications/6ded69c5/heapdump/**] onto handler of type [class org.springframework.cloud.netflix.zuul.web.ZuulController]
2018-10-29 11:52:56.575  INFO 3640 --- [http-nio-8888-exec-10] o.s.c.n.zuul.web.ZuulHandlerMapping      : Mapped URL path [/api/applications/6ded69c5/loggers/**] onto handler of type [class org.springframework.cloud.netflix.zuul.web.ZuulController]
2018-10-29 11:52:56.575  INFO 3640 --- [http-nio-8888-exec-10] o.s.c.n.zuul.web.ZuulHandlerMapping      : Mapped URL path [/api/applications/6ded69c5/auditevents/**] onto handler of type [class org.springframework.cloud.netflix.zuul.web.ZuulController]
2018-10-29 11:52:56.575  INFO 3640 --- [http-nio-8888-exec-10] o.s.c.n.zuul.web.ZuulHandlerMapping      : Mapped URL path [/api/applications/6ded69c5/hystrix.stream/**] onto handler of type [class org.springframework.cloud.netflix.zuul.web.ZuulController]
2018-10-29 11:52:56.575  INFO 3640 --- [http-nio-8888-exec-10] o.s.c.n.zuul.web.ZuulHandlerMapping      : Mapped URL path [/api/applications/58ca8005/health/**] onto handler of type [class org.springframework.cloud.netflix.zuul.web.ZuulController]
2018-10-29 11:52:56.575  INFO 3640 --- [http-nio-8888-exec-10] o.s.c.n.zuul.web.ZuulHandlerMapping      : Mapped URL path [/api/applications/58ca8005/env/**] onto handler of type [class org.springframework.cloud.netflix.zuul.web.ZuulController]
2018-10-29 11:52:56.575  INFO 3640 --- [http-nio-8888-exec-10] o.s.c.n.zuul.web.ZuulHandlerMapping      : Mapped URL path [/api/applications/58ca8005/metrics/**] onto handler of type [class org.springframework.cloud.netflix.zuul.web.ZuulController]
2018-10-29 11:52:56.575  INFO 3640 --- [http-nio-8888-exec-10] o.s.c.n.zuul.web.ZuulHandlerMapping      : Mapped URL path [/api/applications/58ca8005/dump/**] onto handler of type [class org.springframework.cloud.netflix.zuul.web.ZuulController]
2018-10-29 11:52:56.575  INFO 3640 --- [http-nio-8888-exec-10] o.s.c.n.zuul.web.ZuulHandlerMapping      : Mapped URL path [/api/applications/58ca8005/jolokia/**] onto handler of type [class org.springframework.cloud.netflix.zuul.web.ZuulController]
2018-10-29 11:52:56.575  INFO 3640 --- [http-nio-8888-exec-10] o.s.c.n.zuul.web.ZuulHandlerMapping      : Mapped URL path [/api/applications/58ca8005/info/**] onto handler of type [class org.springframework.cloud.netflix.zuul.web.ZuulController]
2018-10-29 11:52:56.575  INFO 3640 --- [http-nio-8888-exec-10] o.s.c.n.zuul.web.ZuulHandlerMapping      : Mapped URL path [/api/applications/58ca8005/configprops/**] onto handler of type [class org.springframework.cloud.netflix.zuul.web.ZuulController]
2018-10-29 11:52:56.575  INFO 3640 --- [http-nio-8888-exec-10] o.s.c.n.zuul.web.ZuulHandlerMapping      : Mapped URL path [/api/applications/58ca8005/trace/**] onto handler of type [class org.springframework.cloud.netflix.zuul.web.ZuulController]
2018-10-29 11:52:56.575  INFO 3640 --- [http-nio-8888-exec-10] o.s.c.n.zuul.web.ZuulHandlerMapping      : Mapped URL path [/api/applications/58ca8005/logfile/**] onto handler of type [class org.springframework.cloud.netflix.zuul.web.ZuulController]
2018-10-29 11:52:56.575  INFO 3640 --- [http-nio-8888-exec-10] o.s.c.n.zuul.web.ZuulHandlerMapping      : Mapped URL path [/api/applications/58ca8005/refresh/**] onto handler of type [class org.springframework.cloud.netflix.zuul.web.ZuulController]
2018-10-29 11:52:56.576  INFO 3640 --- [http-nio-8888-exec-10] o.s.c.n.zuul.web.ZuulHandlerMapping      : Mapped URL path [/api/applications/58ca8005/flyway/**] onto handler of type [class org.springframework.cloud.netflix.zuul.web.ZuulController]
2018-10-29 11:52:56.577  INFO 3640 --- [http-nio-8888-exec-10] o.s.c.n.zuul.web.ZuulHandlerMapping      : Mapped URL path [/api/applications/58ca8005/liquibase/**] onto handler of type [class org.springframework.cloud.netflix.zuul.web.ZuulController]
2018-10-29 11:52:56.577  INFO 3640 --- [http-nio-8888-exec-10] o.s.c.n.zuul.web.ZuulHandlerMapping      : Mapped URL path [/api/applications/58ca8005/heapdump/**] onto handler of type [class org.springframework.cloud.netflix.zuul.web.ZuulController]
2018-10-29 11:52:56.577  INFO 3640 --- [http-nio-8888-exec-10] o.s.c.n.zuul.web.ZuulHandlerMapping      : Mapped URL path [/api/applications/58ca8005/loggers/**] onto handler of type [class org.springframework.cloud.netflix.zuul.web.ZuulController]
2018-10-29 11:52:56.577  INFO 3640 --- [http-nio-8888-exec-10] o.s.c.n.zuul.web.ZuulHandlerMapping      : Mapped URL path [/api/applications/58ca8005/auditevents/**] onto handler of type [class org.springframework.cloud.netflix.zuul.web.ZuulController]
2018-10-29 11:52:56.577  INFO 3640 --- [http-nio-8888-exec-10] o.s.c.n.zuul.web.ZuulHandlerMapping      : Mapped URL path [/api/applications/58ca8005/hystrix.stream/**] onto handler of type [class org.springframework.cloud.netflix.zuul.web.ZuulController]
2018-10-29 11:52:56.577  INFO 3640 --- [http-nio-8888-exec-10] o.s.c.n.zuul.web.ZuulHandlerMapping      : Mapped URL path [/api/applications/12b1fbdd/health/**] onto handler of type [class org.springframework.cloud.netflix.zuul.web.ZuulController]
2018-10-29 11:52:56.577  INFO 3640 --- [http-nio-8888-exec-10] o.s.c.n.zuul.web.ZuulHandlerMapping      : Mapped URL path [/api/applications/12b1fbdd/env/**] onto handler of type [class org.springframework.cloud.netflix.zuul.web.ZuulController]
2018-10-29 11:52:56.577  INFO 3640 --- [http-nio-8888-exec-10] o.s.c.n.zuul.web.ZuulHandlerMapping      : Mapped URL path [/api/applications/12b1fbdd/metrics/**] onto handler of type [class org.springframework.cloud.netflix.zuul.web.ZuulController]
2018-10-29 11:52:56.577  INFO 3640 --- [http-nio-8888-exec-10] o.s.c.n.zuul.web.ZuulHandlerMapping      : Mapped URL path [/api/applications/12b1fbdd/dump/**] onto handler of type [class org.springframework.cloud.netflix.zuul.web.ZuulController]
2018-10-29 11:52:56.577  INFO 3640 --- [http-nio-8888-exec-10] o.s.c.n.zuul.web.ZuulHandlerMapping      : Mapped URL path [/api/applications/12b1fbdd/jolokia/**] onto handler of type [class org.springframework.cloud.netflix.zuul.web.ZuulController]
2018-10-29 11:52:56.577  INFO 3640 --- [http-nio-8888-exec-10] o.s.c.n.zuul.web.ZuulHandlerMapping      : Mapped URL path [/api/applications/12b1fbdd/info/**] onto handler of type [class org.springframework.cloud.netflix.zuul.web.ZuulController]
2018-10-29 11:52:56.577  INFO 3640 --- [http-nio-8888-exec-10] o.s.c.n.zuul.web.ZuulHandlerMapping      : Mapped URL path [/api/applications/12b1fbdd/configprops/**] onto handler of type [class org.springframework.cloud.netflix.zuul.web.ZuulController]
2018-10-29 11:52:56.582  INFO 3640 --- [http-nio-8888-exec-10] o.s.c.n.zuul.web.ZuulHandlerMapping      : Mapped URL path [/api/applications/12b1fbdd/trace/**] onto handler of type [class org.springframework.cloud.netflix.zuul.web.ZuulController]
2018-10-29 11:52:56.582  INFO 3640 --- [http-nio-8888-exec-10] o.s.c.n.zuul.web.ZuulHandlerMapping      : Mapped URL path [/api/applications/12b1fbdd/logfile/**] onto handler of type [class org.springframework.cloud.netflix.zuul.web.ZuulController]
2018-10-29 11:52:56.582  INFO 3640 --- [http-nio-8888-exec-10] o.s.c.n.zuul.web.ZuulHandlerMapping      : Mapped URL path [/api/applications/12b1fbdd/refresh/**] onto handler of type [class org.springframework.cloud.netflix.zuul.web.ZuulController]
2018-10-29 11:52:56.582  INFO 3640 --- [http-nio-8888-exec-10] o.s.c.n.zuul.web.ZuulHandlerMapping      : Mapped URL path [/api/applications/12b1fbdd/flyway/**] onto handler of type [class org.springframework.cloud.netflix.zuul.web.ZuulController]
2018-10-29 11:52:56.582  INFO 3640 --- [http-nio-8888-exec-10] o.s.c.n.zuul.web.ZuulHandlerMapping      : Mapped URL path [/api/applications/12b1fbdd/liquibase/**] onto handler of type [class org.springframework.cloud.netflix.zuul.web.ZuulController]
2018-10-29 11:52:56.582  INFO 3640 --- [http-nio-8888-exec-10] o.s.c.n.zuul.web.ZuulHandlerMapping      : Mapped URL path [/api/applications/12b1fbdd/heapdump/**] onto handler of type [class org.springframework.cloud.netflix.zuul.web.ZuulController]
2018-10-29 11:52:56.582  INFO 3640 --- [http-nio-8888-exec-10] o.s.c.n.zuul.web.ZuulHandlerMapping      : Mapped URL path [/api/applications/12b1fbdd/loggers/**] onto handler of type [class org.springframework.cloud.netflix.zuul.web.ZuulController]
2018-10-29 11:52:56.582  INFO 3640 --- [http-nio-8888-exec-10] o.s.c.n.zuul.web.ZuulHandlerMapping      : Mapped URL path [/api/applications/12b1fbdd/auditevents/**] onto handler of type [class org.springframework.cloud.netflix.zuul.web.ZuulController]
2018-10-29 11:52:56.582  INFO 3640 --- [http-nio-8888-exec-10] o.s.c.n.zuul.web.ZuulHandlerMapping      : Mapped URL path [/api/applications/12b1fbdd/hystrix.stream/**] onto handler of type [class org.springframework.cloud.netflix.zuul.web.ZuulController]
2018-10-29 11:54:26.554  INFO 3640 --- [DiscoveryClient-CacheRefreshExecutor-0] d.c.b.a.registry.ApplicationRegistry     : New Application Application [id=9194349d, name=ADMIN-UI, managementUrl=http://windows10.microdone.cn:5556/, healthUrl=http://windows10.microdone.cn:5556/health, serviceUrl=http://windows10.microdone.cn:5556/] registered 
2018-10-29 11:54:26.759  INFO 3640 --- [http-nio-8888-exec-4] o.s.c.n.zuul.web.ZuulHandlerMapping      : Mapped URL path [/api/applications/9194349d/health/**] onto handler of type [class org.springframework.cloud.netflix.zuul.web.ZuulController]
2018-10-29 11:54:26.759  INFO 3640 --- [http-nio-8888-exec-4] o.s.c.n.zuul.web.ZuulHandlerMapping      : Mapped URL path [/api/applications/9194349d/env/**] onto handler of type [class org.springframework.cloud.netflix.zuul.web.ZuulController]
2018-10-29 11:54:26.759  INFO 3640 --- [http-nio-8888-exec-4] o.s.c.n.zuul.web.ZuulHandlerMapping      : Mapped URL path [/api/applications/9194349d/metrics/**] onto handler of type [class org.springframework.cloud.netflix.zuul.web.ZuulController]
2018-10-29 11:54:26.759  INFO 3640 --- [http-nio-8888-exec-4] o.s.c.n.zuul.web.ZuulHandlerMapping      : Mapped URL path [/api/applications/9194349d/dump/**] onto handler of type [class org.springframework.cloud.netflix.zuul.web.ZuulController]
2018-10-29 11:54:26.759  INFO 3640 --- [http-nio-8888-exec-4] o.s.c.n.zuul.web.ZuulHandlerMapping      : Mapped URL path [/api/applications/9194349d/jolokia/**] onto handler of type [class org.springframework.cloud.netflix.zuul.web.ZuulController]
2018-10-29 11:54:26.759  INFO 3640 --- [http-nio-8888-exec-4] o.s.c.n.zuul.web.ZuulHandlerMapping      : Mapped URL path [/api/applications/9194349d/info/**] onto handler of type [class org.springframework.cloud.netflix.zuul.web.ZuulController]
2018-10-29 11:54:26.759  INFO 3640 --- [http-nio-8888-exec-4] o.s.c.n.zuul.web.ZuulHandlerMapping      : Mapped URL path [/api/applications/9194349d/configprops/**] onto handler of type [class org.springframework.cloud.netflix.zuul.web.ZuulController]
2018-10-29 11:54:26.759  INFO 3640 --- [http-nio-8888-exec-4] o.s.c.n.zuul.web.ZuulHandlerMapping      : Mapped URL path [/api/applications/9194349d/trace/**] onto handler of type [class org.springframework.cloud.netflix.zuul.web.ZuulController]
2018-10-29 11:54:26.759  INFO 3640 --- [http-nio-8888-exec-4] o.s.c.n.zuul.web.ZuulHandlerMapping      : Mapped URL path [/api/applications/9194349d/logfile/**] onto handler of type [class org.springframework.cloud.netflix.zuul.web.ZuulController]
2018-10-29 11:54:26.759  INFO 3640 --- [http-nio-8888-exec-4] o.s.c.n.zuul.web.ZuulHandlerMapping      : Mapped URL path [/api/applications/9194349d/refresh/**] onto handler of type [class org.springframework.cloud.netflix.zuul.web.ZuulController]
2018-10-29 11:54:26.759  INFO 3640 --- [http-nio-8888-exec-4] o.s.c.n.zuul.web.ZuulHandlerMapping      : Mapped URL path [/api/applications/9194349d/flyway/**] onto handler of type [class org.springframework.cloud.netflix.zuul.web.ZuulController]
2018-10-29 11:54:26.759  INFO 3640 --- [http-nio-8888-exec-4] o.s.c.n.zuul.web.ZuulHandlerMapping      : Mapped URL path [/api/applications/9194349d/liquibase/**] onto handler of type [class org.springframework.cloud.netflix.zuul.web.ZuulController]
2018-10-29 11:54:26.759  INFO 3640 --- [http-nio-8888-exec-4] o.s.c.n.zuul.web.ZuulHandlerMapping      : Mapped URL path [/api/applications/9194349d/heapdump/**] onto handler of type [class org.springframework.cloud.netflix.zuul.web.ZuulController]
2018-10-29 11:54:26.761  INFO 3640 --- [http-nio-8888-exec-4] o.s.c.n.zuul.web.ZuulHandlerMapping      : Mapped URL path [/api/applications/9194349d/loggers/**] onto handler of type [class org.springframework.cloud.netflix.zuul.web.ZuulController]
2018-10-29 11:54:26.761  INFO 3640 --- [http-nio-8888-exec-4] o.s.c.n.zuul.web.ZuulHandlerMapping      : Mapped URL path [/api/applications/9194349d/auditevents/**] onto handler of type [class org.springframework.cloud.netflix.zuul.web.ZuulController]
2018-10-29 11:54:26.761  INFO 3640 --- [http-nio-8888-exec-4] o.s.c.n.zuul.web.ZuulHandlerMapping      : Mapped URL path [/api/applications/9194349d/hystrix.stream/**] onto handler of type [class org.springframework.cloud.netflix.zuul.web.ZuulController]
2018-10-29 11:56:05.912  WARN 3640 --- [http-nio-8888-exec-5] o.s.web.servlet.PageNotFound             : Request method 'HEAD' not supported
2018-10-29 11:57:26.219  INFO 3640 --- [AsyncResolver-bootstrap-executor-0] c.n.d.s.r.aws.ConfigClusterResolver      : Resolving eureka endpoints via configuration
